2022-07-24 00:56:56.561  INFO 1685 --- [restartedMain] c.e.todoproject.TodoProjectApplication   : Starting TodoProjectApplication using Java 18.0.1.1 on Khaleds-MacBook-Pro.local with PID 1685 (/Users/kma/Desktop/Todo-project/target/classes started by kma in /Users/kma/Desktop/Todo-project)
2022-07-24 00:56:56.565  INFO 1685 --- [restartedMain] c.e.todoproject.TodoProjectApplication   : No active profile set, falling back to 1 default profile: "default"
2022-07-24 00:56:56.635  INFO 1685 --- [restartedMain] .e.DevToolsPropertyDefaultsPostProcessor : Devtools property defaults active! Set 'spring.devtools.add-properties' to 'false' to disable
2022-07-24 00:56:56.635  INFO 1685 --- [restartedMain] .e.DevToolsPropertyDefaultsPostProcessor : For additional web related logging consider setting the 'logging.level.web' property to 'DEBUG'
2022-07-24 00:56:57.428  INFO 1685 --- [restartedMain] .s.d.r.c.RepositoryConfigurationDelegate : Bootstrapping Spring Data JPA repositories in DEFAULT mode.
2022-07-24 00:56:57.498  INFO 1685 --- [restartedMain] .s.d.r.c.RepositoryConfigurationDelegate : Finished Spring Data repository scanning in 60 ms. Found 2 JPA repository interfaces.
2022-07-24 00:56:58.194  INFO 1685 --- [restartedMain] o.s.b.w.embedded.tomcat.TomcatWebServer  : Tomcat initialized with port(s): 8080 (http)
2022-07-24 00:56:58.209  INFO 1685 --- [restartedMain] o.apache.catalina.core.StandardService   : Starting service [Tomcat]
2022-07-24 00:56:58.210  INFO 1685 --- [restartedMain] org.apache.catalina.core.StandardEngine  : Starting Servlet engine: [Apache Tomcat/9.0.64]
2022-07-24 00:56:58.281  INFO 1685 --- [restartedMain] o.a.c.c.C.[Tomcat].[localhost].[/]       : Initializing Spring embedded WebApplicationContext
2022-07-24 00:56:58.281  INFO 1685 --- [restartedMain] w.s.c.ServletWebServerApplicationContext : Root WebApplicationContext: initialization completed in 1645 ms
2022-07-24 00:56:58.621  INFO 1685 --- [restartedMain] o.hibernate.jpa.internal.util.LogHelper  : HHH000204: Processing PersistenceUnitInfo [name: default]
2022-07-24 00:56:58.720  INFO 1685 --- [restartedMain] org.hibernate.Version                    : HHH000412: Hibernate ORM core version 5.6.9.Final
2022-07-24 00:56:58.926  INFO 1685 --- [restartedMain] o.hibernate.annotations.common.Version   : HCANN000001: Hibernate Commons Annotations {5.1.2.Final}
2022-07-24 00:56:59.125  INFO 1685 --- [restartedMain] com.zaxxer.hikari.HikariDataSource       : HikariPool-1 - Starting...
2022-07-24 00:56:59.709  INFO 1685 --- [restartedMain] com.zaxxer.hikari.HikariDataSource       : HikariPool-1 - Start completed.
2022-07-24 00:56:59.745  INFO 1685 --- [restartedMain] org.hibernate.dialect.Dialect            : HHH000400: Using dialect: org.hibernate.dialect.MySQL5InnoDBDialect
2022-07-24 00:57:00.525  WARN 1685 --- [restartedMain] o.h.t.s.i.ExceptionHandlerLoggedImpl     : GenerationTarget encountered exception accepting command : Error executing DDL "alter table todo drop foreign key FKkoeg3j18qmjwb6eaoqf5ic720" via JDBC Statement

org.hibernate.tool.schema.spi.CommandAcceptanceException: Error executing DDL "alter table todo drop foreign key FKkoeg3j18qmjwb6eaoqf5ic720" via JDBC Statement
	at org.hibernate.tool.schema.internal.exec.GenerationTargetToDatabase.accept(GenerationTargetToDatabase.java:67) ~[hibernate-core-5.6.9.Final.jar:5.6.9.Final]
	at org.hibernate.tool.schema.internal.SchemaDropperImpl.applySqlString(SchemaDropperImpl.java:387) ~[hibernate-core-5.6.9.Final.jar:5.6.9.Final]
	at org.hibernate.tool.schema.internal.SchemaDropperImpl.applySqlStrings(SchemaDropperImpl.java:371) ~[hibernate-core-5.6.9.Final.jar:5.6.9.Final]
	at org.hibernate.tool.schema.internal.SchemaDropperImpl.applyConstraintDropping(SchemaDropperImpl.java:341) ~[hibernate-core-5.6.9.Final.jar:5.6.9.Final]
	at org.hibernate.tool.schema.internal.SchemaDropperImpl.dropFromMetadata(SchemaDropperImpl.java:235) ~[hibernate-core-5.6.9.Final.jar:5.6.9.Final]
	at org.hibernate.tool.schema.internal.SchemaDropperImpl.performDrop(SchemaDropperImpl.java:156) ~[hibernate-core-5.6.9.Final.jar:5.6.9.Final]
	at org.hibernate.tool.schema.internal.SchemaDropperImpl.doDrop(SchemaDropperImpl.java:128) ~[hibernate-core-5.6.9.Final.jar:5.6.9.Final]
	at org.hibernate.tool.schema.internal.SchemaDropperImpl.doDrop(SchemaDropperImpl.java:114) ~[hibernate-core-5.6.9.Final.jar:5.6.9.Final]
	at org.hibernate.tool.schema.spi.SchemaManagementToolCoordinator.performDatabaseAction(SchemaManagementToolCoordinator.java:157) ~[hibernate-core-5.6.9.Final.jar:5.6.9.Final]
	at org.hibernate.tool.schema.spi.SchemaManagementToolCoordinator.process(SchemaManagementToolCoordinator.java:85) ~[hibernate-core-5.6.9.Final.jar:5.6.9.Final]
	at org.hibernate.internal.SessionFactoryImpl.<init>(SessionFactoryImpl.java:335) ~[hibernate-core-5.6.9.Final.jar:5.6.9.Final]
	at org.hibernate.boot.internal.SessionFactoryBuilderImpl.build(SessionFactoryBuilderImpl.java:471) ~[hibernate-core-5.6.9.Final.jar:5.6.9.Final]
	at org.hibernate.jpa.boot.internal.EntityManagerFactoryBuilderImpl.build(EntityManagerFactoryBuilderImpl.java:1498) ~[hibernate-core-5.6.9.Final.jar:5.6.9.Final]
	at org.springframework.orm.jpa.vendor.SpringHibernateJpaPersistenceProvider.createContainerEntityManagerFactory(SpringHibernateJpaPersistenceProvider.java:58) ~[spring-orm-5.3.21.jar:5.3.21]
	at org.springframework.orm.jpa.LocalContainerEntityManagerFactoryBean.createNativeEntityManagerFactory(LocalContainerEntityManagerFactoryBean.java:365) ~[spring-orm-5.3.21.jar:5.3.21]
	at org.springframework.orm.jpa.AbstractEntityManagerFactoryBean.buildNativeEntityManagerFactory(AbstractEntityManagerFactoryBean.java:409) ~[spring-orm-5.3.21.jar:5.3.21]
	at org.springframework.orm.jpa.AbstractEntityManagerFactoryBean.afterPropertiesSet(AbstractEntityManagerFactoryBean.java:396) ~[spring-orm-5.3.21.jar:5.3.21]
	at org.springframework.orm.jpa.LocalContainerEntityManagerFactoryBean.afterPropertiesSet(LocalContainerEntityManagerFactoryBean.java:341) ~[spring-orm-5.3.21.jar:5.3.21]
	at org.springframework.beans.factory.support.AbstractAutowireCapableBeanFactory.invokeInitMethods(AbstractAutowireCapableBeanFactory.java:1863) ~[spring-beans-5.3.21.jar:5.3.21]
	at org.springframework.beans.factory.support.AbstractAutowireCapableBeanFactory.initializeBean(AbstractAutowireCapableBeanFactory.java:1800) ~[spring-beans-5.3.21.jar:5.3.21]
	at org.springframework.beans.factory.support.AbstractAutowireCapableBeanFactory.doCreateBean(AbstractAutowireCapableBeanFactory.java:620) ~[spring-beans-5.3.21.jar:5.3.21]
	at org.springframework.beans.factory.support.AbstractAutowireCapableBeanFactory.createBean(AbstractAutowireCapableBeanFactory.java:542) ~[spring-beans-5.3.21.jar:5.3.21]
	at org.springframework.beans.factory.support.AbstractBeanFactory.lambda$doGetBean$0(AbstractBeanFactory.java:335) ~[spring-beans-5.3.21.jar:5.3.21]
	at org.springframework.beans.factory.support.DefaultSingletonBeanRegistry.getSingleton(DefaultSingletonBeanRegistry.java:234) ~[spring-beans-5.3.21.jar:5.3.21]
	at org.springframework.beans.factory.support.AbstractBeanFactory.doGetBean(AbstractBeanFactory.java:333) ~[spring-beans-5.3.21.jar:5.3.21]
	at org.springframework.beans.factory.support.AbstractBeanFactory.getBean(AbstractBeanFactory.java:208) ~[spring-beans-5.3.21.jar:5.3.21]
	at org.springframework.context.support.AbstractApplicationContext.getBean(AbstractApplicationContext.java:1154) ~[spring-context-5.3.21.jar:5.3.21]
	at org.springframework.context.support.AbstractApplicationContext.finishBeanFactoryInitialization(AbstractApplicationContext.java:908) ~[spring-context-5.3.21.jar:5.3.21]
	at org.springframework.context.support.AbstractApplicationContext.refresh(AbstractApplicationContext.java:583) ~[spring-context-5.3.21.jar:5.3.21]
	at org.springframework.boot.web.servlet.context.ServletWebServerApplicationContext.refresh(ServletWebServerApplicationContext.java:147) ~[spring-boot-2.7.1.jar:2.7.1]
	at org.springframework.boot.SpringApplication.refresh(SpringApplication.java:734) ~[spring-boot-2.7.1.jar:2.7.1]
	at org.springframework.boot.SpringApplication.refreshContext(SpringApplication.java:408) ~[spring-boot-2.7.1.jar:2.7.1]
	at org.springframework.boot.SpringApplication.run(SpringApplication.java:308) ~[spring-boot-2.7.1.jar:2.7.1]
	at org.springframework.boot.SpringApplication.run(SpringApplication.java:1306) ~[spring-boot-2.7.1.jar:2.7.1]
	at org.springframework.boot.SpringApplication.run(SpringApplication.java:1295) ~[spring-boot-2.7.1.jar:2.7.1]
	at com.example.todoproject.TodoProjectApplication.main(TodoProjectApplication.java:10) ~[classes/:na]
	at java.base/jdk.internal.reflect.DirectMethodHandleAccessor.invoke(DirectMethodHandleAccessor.java:104) ~[na:na]
	at java.base/java.lang.reflect.Method.invoke(Method.java:577) ~[na:na]
	at org.springframework.boot.devtools.restart.RestartLauncher.run(RestartLauncher.java:49) ~[spring-boot-devtools-2.7.1.jar:2.7.1]
Caused by: java.sql.SQLSyntaxErrorException: Table 'todolist.todo' doesn't exist
	at com.mysql.cj.jdbc.exceptions.SQLError.createSQLException(SQLError.java:120) ~[mysql-connector-java-8.0.29.jar:8.0.29]
	at com.mysql.cj.jdbc.exceptions.SQLExceptionsMapping.translateException(SQLExceptionsMapping.java:122) ~[mysql-connector-java-8.0.29.jar:8.0.29]
	at com.mysql.cj.jdbc.StatementImpl.executeInternal(StatementImpl.java:763) ~[mysql-connector-java-8.0.29.jar:8.0.29]
	at com.mysql.cj.jdbc.StatementImpl.execute(StatementImpl.java:648) ~[mysql-connector-java-8.0.29.jar:8.0.29]
	at com.zaxxer.hikari.pool.ProxyStatement.execute(ProxyStatement.java:94) ~[HikariCP-4.0.3.jar:na]
	at com.zaxxer.hikari.pool.HikariProxyStatement.execute(HikariProxyStatement.java) ~[HikariCP-4.0.3.jar:na]
	at org.hibernate.tool.schema.internal.exec.GenerationTargetToDatabase.accept(GenerationTargetToDatabase.java:54) ~[hibernate-core-5.6.9.Final.jar:5.6.9.Final]
	... 38 common frames omitted

2022-07-24 00:57:00.669  INFO 1685 --- [restartedMain] o.h.e.t.j.p.i.JtaPlatformInitiator       : HHH000490: Using JtaPlatform implementation: [org.hibernate.engine.transaction.jta.platform.internal.NoJtaPlatform]
2022-07-24 00:57:00.678  INFO 1685 --- [restartedMain] j.LocalContainerEntityManagerFactoryBean : Initialized JPA EntityManagerFactory for persistence unit 'default'
2022-07-24 00:57:01.164  WARN 1685 --- [restartedMain] JpaBaseConfiguration$JpaWebConfiguration : spring.jpa.open-in-view is enabled by default. Therefore, database queries may be performed during view rendering. Explicitly configure spring.jpa.open-in-view to disable this warning
2022-07-24 00:57:01.445  INFO 1685 --- [restartedMain] o.s.s.web.DefaultSecurityFilterChain     : Will secure any request with [org.springframework.security.web.session.DisableEncodeUrlFilter@59994726, org.springframework.security.web.context.request.async.WebAsyncManagerIntegrationFilter@3a6b859b, org.springframework.security.web.context.SecurityContextPersistenceFilter@681b66df, org.springframework.security.web.header.HeaderWriterFilter@604664d6, org.springframework.web.filter.CorsFilter@5d0152f3, org.springframework.security.web.authentication.logout.LogoutFilter@254bf764, org.springframework.security.web.authentication.www.BasicAuthenticationFilter@4db31d0, org.springframework.security.web.savedrequest.RequestCacheAwareFilter@7c9cb97f, org.springframework.security.web.servletapi.SecurityContextHolderAwareRequestFilter@1e88bc7d, org.springframework.security.web.authentication.AnonymousAuthenticationFilter@401cc42, org.springframework.security.web.session.SessionManagementFilter@1434fa23, org.springframework.security.web.access.ExceptionTranslationFilter@f2bc03e, org.springframework.security.web.access.intercept.FilterSecurityInterceptor@1542cf92]
2022-07-24 00:57:01.758  INFO 1685 --- [restartedMain] o.s.b.d.a.OptionalLiveReloadServer       : LiveReload server is running on port 35729
2022-07-24 00:57:01.793  INFO 1685 --- [restartedMain] o.s.b.w.embedded.tomcat.TomcatWebServer  : Tomcat started on port(s): 8080 (http) with context path ''
2022-07-24 00:57:01.806  INFO 1685 --- [restartedMain] c.e.todoproject.TodoProjectApplication   : Started TodoProjectApplication in 5.932 seconds (JVM running for 7.12)
2022-07-24 00:57:12.449  INFO 1685 --- [http-nio-8080-exec-1] o.a.c.c.C.[Tomcat].[localhost].[/]       : Initializing Spring DispatcherServlet 'dispatcherServlet'
2022-07-24 00:57:12.449  INFO 1685 --- [http-nio-8080-exec-1] o.s.web.servlet.DispatcherServlet        : Initializing Servlet 'dispatcherServlet'
2022-07-24 00:57:12.451  INFO 1685 --- [http-nio-8080-exec-1] o.s.web.servlet.DispatcherServlet        : Completed initialization in 2 ms
2022-07-24 00:57:30.271  INFO 1685 --- [http-nio-8080-exec-6] c.e.todoproject.service.TodoService      :  After  todoRepository.delete(deleteTodo)  // TODO: 24/07/2022  
2022-07-24 00:57:30.272  INFO 1685 --- [http-nio-8080-exec-6] c.e.t.controller.TodoController          : delete Controller After call service
2022-07-24 00:59:32.914  INFO 1685 --- [SpringApplicationShutdownHook] j.LocalContainerEntityManagerFactoryBean : Closing JPA EntityManagerFactory for persistence unit 'default'
2022-07-24 00:59:32.920  INFO 1685 --- [SpringApplicationShutdownHook] .SchemaDropperImpl$DelayedDropActionImpl : HHH000477: Starting delayed evictData of schema as part of SessionFactory shut-down'
2022-07-24 00:59:32.999  INFO 1685 --- [SpringApplicationShutdownHook] com.zaxxer.hikari.HikariDataSource       : HikariPool-1 - Shutdown initiated...
2022-07-24 00:59:33.039  INFO 1685 --- [SpringApplicationShutdownHook] com.zaxxer.hikari.HikariDataSource       : HikariPool-1 - Shutdown completed.
2022-07-24 00:59:36.122  INFO 1706 --- [restartedMain] c.e.todoproject.TodoProjectApplication   : Starting TodoProjectApplication using Java 18.0.1.1 on Khaleds-MacBook-Pro.local with PID 1706 (/Users/kma/Desktop/Todo-project/target/classes started by kma in /Users/kma/Desktop/Todo-project)
2022-07-24 00:59:36.123  INFO 1706 --- [restartedMain] c.e.todoproject.TodoProjectApplication   : No active profile set, falling back to 1 default profile: "default"
2022-07-24 00:59:36.168  INFO 1706 --- [restartedMain] .e.DevToolsPropertyDefaultsPostProcessor : Devtools property defaults active! Set 'spring.devtools.add-properties' to 'false' to disable
2022-07-24 00:59:36.169  INFO 1706 --- [restartedMain] .e.DevToolsPropertyDefaultsPostProcessor : For additional web related logging consider setting the 'logging.level.web' property to 'DEBUG'
2022-07-24 00:59:36.974  INFO 1706 --- [restartedMain] .s.d.r.c.RepositoryConfigurationDelegate : Bootstrapping Spring Data JPA repositories in DEFAULT mode.
2022-07-24 00:59:37.033  INFO 1706 --- [restartedMain] .s.d.r.c.RepositoryConfigurationDelegate : Finished Spring Data repository scanning in 50 ms. Found 2 JPA repository interfaces.
2022-07-24 00:59:37.859  INFO 1706 --- [restartedMain] o.s.b.w.embedded.tomcat.TomcatWebServer  : Tomcat initialized with port(s): 8080 (http)
2022-07-24 00:59:37.870  INFO 1706 --- [restartedMain] o.apache.catalina.core.StandardService   : Starting service [Tomcat]
2022-07-24 00:59:37.870  INFO 1706 --- [restartedMain] org.apache.catalina.core.StandardEngine  : Starting Servlet engine: [Apache Tomcat/9.0.64]
2022-07-24 00:59:37.941  INFO 1706 --- [restartedMain] o.a.c.c.C.[Tomcat].[localhost].[/]       : Initializing Spring embedded WebApplicationContext
2022-07-24 00:59:37.942  INFO 1706 --- [restartedMain] w.s.c.ServletWebServerApplicationContext : Root WebApplicationContext: initialization completed in 1773 ms
2022-07-24 00:59:38.104  INFO 1706 --- [restartedMain] o.hibernate.jpa.internal.util.LogHelper  : HHH000204: Processing PersistenceUnitInfo [name: default]
2022-07-24 00:59:38.151  INFO 1706 --- [restartedMain] org.hibernate.Version                    : HHH000412: Hibernate ORM core version 5.6.9.Final
2022-07-24 00:59:38.277  INFO 1706 --- [restartedMain] o.hibernate.annotations.common.Version   : HCANN000001: Hibernate Commons Annotations {5.1.2.Final}
2022-07-24 00:59:38.365  INFO 1706 --- [restartedMain] com.zaxxer.hikari.HikariDataSource       : HikariPool-1 - Starting...
2022-07-24 00:59:38.682  INFO 1706 --- [restartedMain] com.zaxxer.hikari.HikariDataSource       : HikariPool-1 - Start completed.
2022-07-24 00:59:38.702  INFO 1706 --- [restartedMain] org.hibernate.dialect.Dialect            : HHH000400: Using dialect: org.hibernate.dialect.MySQL5InnoDBDialect
2022-07-24 00:59:39.643  INFO 1706 --- [restartedMain] o.h.e.t.j.p.i.JtaPlatformInitiator       : HHH000490: Using JtaPlatform implementation: [org.hibernate.engine.transaction.jta.platform.internal.NoJtaPlatform]
2022-07-24 00:59:39.653  INFO 1706 --- [restartedMain] j.LocalContainerEntityManagerFactoryBean : Initialized JPA EntityManagerFactory for persistence unit 'default'
2022-07-24 00:59:40.109  WARN 1706 --- [restartedMain] JpaBaseConfiguration$JpaWebConfiguration : spring.jpa.open-in-view is enabled by default. Therefore, database queries may be performed during view rendering. Explicitly configure spring.jpa.open-in-view to disable this warning
2022-07-24 00:59:40.398  INFO 1706 --- [restartedMain] o.s.s.web.DefaultSecurityFilterChain     : Will secure any request with [org.springframework.security.web.session.DisableEncodeUrlFilter@1e212bdd, org.springframework.security.web.context.request.async.WebAsyncManagerIntegrationFilter@56f76c19, org.springframework.security.web.context.SecurityContextPersistenceFilter@730a3b6b, org.springframework.security.web.header.HeaderWriterFilter@78b95f82, org.springframework.web.filter.CorsFilter@13fefe6e, org.springframework.security.web.authentication.logout.LogoutFilter@258fe5cc, org.springframework.security.web.authentication.www.BasicAuthenticationFilter@59921ab3, org.springframework.security.web.savedrequest.RequestCacheAwareFilter@770c0c73, org.springframework.security.web.servletapi.SecurityContextHolderAwareRequestFilter@35662f73, org.springframework.security.web.authentication.AnonymousAuthenticationFilter@a466c44, org.springframework.security.web.session.SessionManagementFilter@339c88bf, org.springframework.security.web.access.ExceptionTranslationFilter@5161cf9e, org.springframework.security.web.access.intercept.FilterSecurityInterceptor@77bb1212]
2022-07-24 00:59:40.777  INFO 1706 --- [restartedMain] o.s.b.d.a.OptionalLiveReloadServer       : LiveReload server is running on port 35729
2022-07-24 00:59:40.819  INFO 1706 --- [restartedMain] o.s.b.w.embedded.tomcat.TomcatWebServer  : Tomcat started on port(s): 8080 (http) with context path ''
2022-07-24 00:59:40.833  INFO 1706 --- [restartedMain] c.e.todoproject.TodoProjectApplication   : Started TodoProjectApplication in 5.016 seconds (JVM running for 5.795)
2022-07-24 00:59:50.492  INFO 1706 --- [http-nio-8080-exec-1] o.a.c.c.C.[Tomcat].[localhost].[/]       : Initializing Spring DispatcherServlet 'dispatcherServlet'
2022-07-24 00:59:50.493  INFO 1706 --- [http-nio-8080-exec-1] o.s.web.servlet.DispatcherServlet        : Initializing Servlet 'dispatcherServlet'
2022-07-24 00:59:50.494  INFO 1706 --- [http-nio-8080-exec-1] o.s.web.servlet.DispatcherServlet        : Completed initialization in 1 ms
2022-07-24 01:00:10.096  INFO 1706 --- [http-nio-8080-exec-6] c.e.todoproject.service.TodoService      :  After  todoRepository.delete(deleteTodo)  // TODO: 24/07/2022  
2022-07-24 01:00:10.096  INFO 1706 --- [http-nio-8080-exec-6] c.e.t.controller.TodoController          : delete Controller After call service
2022-07-24 01:01:06.832  INFO 1706 --- [SpringApplicationShutdownHook] j.LocalContainerEntityManagerFactoryBean : Closing JPA EntityManagerFactory for persistence unit 'default'
2022-07-24 01:01:06.837  INFO 1706 --- [SpringApplicationShutdownHook] com.zaxxer.hikari.HikariDataSource       : HikariPool-1 - Shutdown initiated...
2022-07-24 01:01:06.845  INFO 1706 --- [SpringApplicationShutdownHook] com.zaxxer.hikari.HikariDataSource       : HikariPool-1 - Shutdown completed.
2022-07-24 01:06:01.382  INFO 1782 --- [restartedMain] c.e.todoproject.TodoProjectApplication   : Starting TodoProjectApplication using Java 18.0.1.1 on Khaleds-MacBook-Pro.local with PID 1782 (/Users/kma/Desktop/Todo-project/target/classes started by kma in /Users/kma/Desktop/Todo-project)
2022-07-24 01:06:01.384  INFO 1782 --- [restartedMain] c.e.todoproject.TodoProjectApplication   : No active profile set, falling back to 1 default profile: "default"
2022-07-24 01:06:01.436  INFO 1782 --- [restartedMain] .e.DevToolsPropertyDefaultsPostProcessor : Devtools property defaults active! Set 'spring.devtools.add-properties' to 'false' to disable
2022-07-24 01:06:01.437  INFO 1782 --- [restartedMain] .e.DevToolsPropertyDefaultsPostProcessor : For additional web related logging consider setting the 'logging.level.web' property to 'DEBUG'
2022-07-24 01:06:02.140  INFO 1782 --- [restartedMain] .s.d.r.c.RepositoryConfigurationDelegate : Bootstrapping Spring Data JPA repositories in DEFAULT mode.
2022-07-24 01:06:02.215  INFO 1782 --- [restartedMain] .s.d.r.c.RepositoryConfigurationDelegate : Finished Spring Data repository scanning in 63 ms. Found 2 JPA repository interfaces.
2022-07-24 01:06:02.838  INFO 1782 --- [restartedMain] o.s.b.w.embedded.tomcat.TomcatWebServer  : Tomcat initialized with port(s): 8080 (http)
2022-07-24 01:06:02.848  INFO 1782 --- [restartedMain] o.apache.catalina.core.StandardService   : Starting service [Tomcat]
2022-07-24 01:06:02.848  INFO 1782 --- [restartedMain] org.apache.catalina.core.StandardEngine  : Starting Servlet engine: [Apache Tomcat/9.0.64]
2022-07-24 01:06:02.916  INFO 1782 --- [restartedMain] o.a.c.c.C.[Tomcat].[localhost].[/]       : Initializing Spring embedded WebApplicationContext
2022-07-24 01:06:02.917  INFO 1782 --- [restartedMain] w.s.c.ServletWebServerApplicationContext : Root WebApplicationContext: initialization completed in 1479 ms
2022-07-24 01:06:03.078  INFO 1782 --- [restartedMain] o.hibernate.jpa.internal.util.LogHelper  : HHH000204: Processing PersistenceUnitInfo [name: default]
2022-07-24 01:06:03.125  INFO 1782 --- [restartedMain] org.hibernate.Version                    : HHH000412: Hibernate ORM core version 5.6.9.Final
2022-07-24 01:06:03.283  INFO 1782 --- [restartedMain] o.hibernate.annotations.common.Version   : HCANN000001: Hibernate Commons Annotations {5.1.2.Final}
2022-07-24 01:06:03.362  INFO 1782 --- [restartedMain] com.zaxxer.hikari.HikariDataSource       : HikariPool-1 - Starting...
2022-07-24 01:06:03.657  INFO 1782 --- [restartedMain] com.zaxxer.hikari.HikariDataSource       : HikariPool-1 - Start completed.
2022-07-24 01:06:03.670  INFO 1782 --- [restartedMain] org.hibernate.dialect.Dialect            : HHH000400: Using dialect: org.hibernate.dialect.MySQL5InnoDBDialect
2022-07-24 01:06:04.351  INFO 1782 --- [restartedMain] o.h.e.t.j.p.i.JtaPlatformInitiator       : HHH000490: Using JtaPlatform implementation: [org.hibernate.engine.transaction.jta.platform.internal.NoJtaPlatform]
2022-07-24 01:06:04.358  INFO 1782 --- [restartedMain] j.LocalContainerEntityManagerFactoryBean : Initialized JPA EntityManagerFactory for persistence unit 'default'
2022-07-24 01:06:04.688  WARN 1782 --- [restartedMain] JpaBaseConfiguration$JpaWebConfiguration : spring.jpa.open-in-view is enabled by default. Therefore, database queries may be performed during view rendering. Explicitly configure spring.jpa.open-in-view to disable this warning
2022-07-24 01:06:04.965  INFO 1782 --- [restartedMain] o.s.s.web.DefaultSecurityFilterChain     : Will secure any request with [org.springframework.security.web.session.DisableEncodeUrlFilter@43fdc587, org.springframework.security.web.context.request.async.WebAsyncManagerIntegrationFilter@6a1db054, org.springframework.security.web.context.SecurityContextPersistenceFilter@47e766d4, org.springframework.security.web.header.HeaderWriterFilter@65142500, org.springframework.web.filter.CorsFilter@4b55b518, org.springframework.security.web.authentication.logout.LogoutFilter@286079f1, org.springframework.security.web.authentication.www.BasicAuthenticationFilter@1d2ed112, org.springframework.security.web.savedrequest.RequestCacheAwareFilter@56c09acb, org.springframework.security.web.servletapi.SecurityContextHolderAwareRequestFilter@63a2aa47, org.springframework.security.web.authentication.AnonymousAuthenticationFilter@384f1069, org.springframework.security.web.session.SessionManagementFilter@e937703, org.springframework.security.web.access.ExceptionTranslationFilter@2341c50b, org.springframework.security.web.access.intercept.FilterSecurityInterceptor@3bdbf564]
2022-07-24 01:06:05.247  INFO 1782 --- [restartedMain] o.s.b.d.a.OptionalLiveReloadServer       : LiveReload server is running on port 35729
2022-07-24 01:06:05.283  INFO 1782 --- [restartedMain] o.s.b.w.embedded.tomcat.TomcatWebServer  : Tomcat started on port(s): 8080 (http) with context path ''
2022-07-24 01:06:05.295  INFO 1782 --- [restartedMain] c.e.todoproject.TodoProjectApplication   : Started TodoProjectApplication in 4.336 seconds (JVM running for 5.314)
2022-07-24 01:06:18.420  INFO 1782 --- [http-nio-8080-exec-1] o.a.c.c.C.[Tomcat].[localhost].[/]       : Initializing Spring DispatcherServlet 'dispatcherServlet'
2022-07-24 01:06:18.420  INFO 1782 --- [http-nio-8080-exec-1] o.s.web.servlet.DispatcherServlet        : Initializing Servlet 'dispatcherServlet'
2022-07-24 01:06:18.421  INFO 1782 --- [http-nio-8080-exec-1] o.s.web.servlet.DispatcherServlet        : Completed initialization in 0 ms
2022-07-24 01:06:18.772  WARN 1782 --- [http-nio-8080-exec-1] o.h.engine.jdbc.spi.SqlExceptionHelper   : SQL Error: 1062, SQLState: 23000
2022-07-24 01:06:18.772 ERROR 1782 --- [http-nio-8080-exec-1] o.h.engine.jdbc.spi.SqlExceptionHelper   : Duplicate entry '0555555555' for key 'my_user.UK_somptlkugx8qwkb2cripwdjss'
2022-07-24 01:06:18.774  INFO 1782 --- [http-nio-8080-exec-1] o.h.e.j.b.internal.AbstractBatchImpl     : HHH000010: On release of batch it still contained JDBC statements
2022-07-24 01:06:18.812  WARN 1782 --- [http-nio-8080-exec-1] .m.m.a.ExceptionHandlerExceptionResolver : Resolved [org.springframework.dao.DataIntegrityViolationException: could not execute statement; SQL [n/a]; constraint [my_user.UK_somptlkugx8qwkb2cripwdjss]; nested exception is org.hibernate.exception.ConstraintViolationException: could not execute statement]
2022-07-24 01:06:39.245  WARN 1782 --- [http-nio-8080-exec-8] .m.m.a.ExceptionHandlerExceptionResolver : Resolved [org.springframework.dao.InvalidDataAccessApiUsageException: org.hibernate.hql.internal.QueryExecutionRequestException: Not supported for DML operations [delete from com.example.todoproject.model.Todo todo where todo.message=:message]; nested exception is java.lang.IllegalStateException: org.hibernate.hql.internal.QueryExecutionRequestException: Not supported for DML operations [delete from com.example.todoproject.model.Todo todo where todo.message=:message]]
2022-07-24 01:06:57.687  INFO 1782 --- [SpringApplicationShutdownHook] j.LocalContainerEntityManagerFactoryBean : Closing JPA EntityManagerFactory for persistence unit 'default'
2022-07-24 01:06:57.694  INFO 1782 --- [SpringApplicationShutdownHook] com.zaxxer.hikari.HikariDataSource       : HikariPool-1 - Shutdown initiated...
2022-07-24 01:06:57.703  INFO 1782 --- [SpringApplicationShutdownHook] com.zaxxer.hikari.HikariDataSource       : HikariPool-1 - Shutdown completed.
2022-07-24 01:07:30.690  INFO 1793 --- [restartedMain] c.e.todoproject.TodoProjectApplication   : Starting TodoProjectApplication using Java 18.0.1.1 on Khaleds-MacBook-Pro.local with PID 1793 (/Users/kma/Desktop/Todo-project/target/classes started by kma in /Users/kma/Desktop/Todo-project)
2022-07-24 01:07:30.691  INFO 1793 --- [restartedMain] c.e.todoproject.TodoProjectApplication   : No active profile set, falling back to 1 default profile: "default"
2022-07-24 01:07:30.738  INFO 1793 --- [restartedMain] .e.DevToolsPropertyDefaultsPostProcessor : Devtools property defaults active! Set 'spring.devtools.add-properties' to 'false' to disable
2022-07-24 01:07:30.738  INFO 1793 --- [restartedMain] .e.DevToolsPropertyDefaultsPostProcessor : For additional web related logging consider setting the 'logging.level.web' property to 'DEBUG'
2022-07-24 01:07:31.429  INFO 1793 --- [restartedMain] .s.d.r.c.RepositoryConfigurationDelegate : Bootstrapping Spring Data JPA repositories in DEFAULT mode.
2022-07-24 01:07:31.493  INFO 1793 --- [restartedMain] .s.d.r.c.RepositoryConfigurationDelegate : Finished Spring Data repository scanning in 52 ms. Found 2 JPA repository interfaces.
2022-07-24 01:07:32.122  INFO 1793 --- [restartedMain] o.s.b.w.embedded.tomcat.TomcatWebServer  : Tomcat initialized with port(s): 8080 (http)
2022-07-24 01:07:32.132  INFO 1793 --- [restartedMain] o.apache.catalina.core.StandardService   : Starting service [Tomcat]
2022-07-24 01:07:32.133  INFO 1793 --- [restartedMain] org.apache.catalina.core.StandardEngine  : Starting Servlet engine: [Apache Tomcat/9.0.64]
2022-07-24 01:07:32.191  INFO 1793 --- [restartedMain] o.a.c.c.C.[Tomcat].[localhost].[/]       : Initializing Spring embedded WebApplicationContext
2022-07-24 01:07:32.191  INFO 1793 --- [restartedMain] w.s.c.ServletWebServerApplicationContext : Root WebApplicationContext: initialization completed in 1453 ms
2022-07-24 01:07:32.263  WARN 1793 --- [restartedMain] o.a.c.c.C.[Tomcat].[localhost].[/]       : Cannot deserialize session attribute [SPRING_SECURITY_CONTEXT] for session [CBDB2D1FE4CED8F2EF602C1456BED438]
2022-07-24 01:07:32.269 ERROR 1793 --- [restartedMain] o.a.catalina.session.StandardManager     : Exception loading sessions from persistent storage

java.io.StreamCorruptedException: invalid type code: 00
	at java.base/java.io.ObjectInputStream.readObject0(ObjectInputStream.java:1799) ~[na:na]
	at java.base/java.io.ObjectInputStream$FieldValues.<init>(ObjectInputStream.java:2641) ~[na:na]
	at java.base/java.io.ObjectInputStream.defaultReadObject(ObjectInputStream.java:681) ~[na:na]
	at java.base/java.lang.Throwable.readObject(Throwable.java:911) ~[na:na]
	at java.base/jdk.internal.reflect.DirectMethodHandleAccessor.invoke(DirectMethodHandleAccessor.java:104) ~[na:na]
	at java.base/java.lang.reflect.Method.invoke(Method.java:577) ~[na:na]
	at java.base/java.io.ObjectStreamClass.invokeReadObject(ObjectStreamClass.java:1231) ~[na:na]
	at java.base/java.io.ObjectInputStream.readSerialData(ObjectInputStream.java:2458) ~[na:na]
	at java.base/java.io.ObjectInputStream.readOrdinaryObject(ObjectInputStream.java:2292) ~[na:na]
	at java.base/java.io.ObjectInputStream.readObject0(ObjectInputStream.java:1768) ~[na:na]
	at java.base/java.io.ObjectInputStream.readObject(ObjectInputStream.java:543) ~[na:na]
	at java.base/java.io.ObjectInputStream.readObject(ObjectInputStream.java:501) ~[na:na]
	at org.apache.catalina.session.StandardSession.doReadObject(StandardSession.java:1564) ~[tomcat-embed-core-9.0.64.jar:9.0.64]
	at org.apache.catalina.session.StandardSession.readObjectData(StandardSession.java:1050) ~[tomcat-embed-core-9.0.64.jar:9.0.64]
	at org.apache.catalina.session.StandardManager.doLoad(StandardManager.java:219) ~[tomcat-embed-core-9.0.64.jar:9.0.64]
	at org.apache.catalina.session.StandardManager.load(StandardManager.java:162) ~[tomcat-embed-core-9.0.64.jar:9.0.64]
	at org.apache.catalina.session.StandardManager.startInternal(StandardManager.java:356) ~[tomcat-embed-core-9.0.64.jar:9.0.64]
	at org.apache.catalina.util.LifecycleBase.start(LifecycleBase.java:183) ~[tomcat-embed-core-9.0.64.jar:9.0.64]
	at org.apache.catalina.core.StandardContext.startInternal(StandardContext.java:5247) ~[tomcat-embed-core-9.0.64.jar:9.0.64]
	at org.apache.catalina.util.LifecycleBase.start(LifecycleBase.java:183) ~[tomcat-embed-core-9.0.64.jar:9.0.64]
	at org.apache.catalina.core.ContainerBase$StartChild.call(ContainerBase.java:1396) ~[tomcat-embed-core-9.0.64.jar:9.0.64]
	at org.apache.catalina.core.ContainerBase$StartChild.call(ContainerBase.java:1386) ~[tomcat-embed-core-9.0.64.jar:9.0.64]
	at java.base/java.util.concurrent.FutureTask.run(FutureTask.java:264) ~[na:na]
	at org.apache.tomcat.util.threads.InlineExecutorService.execute(InlineExecutorService.java:75) ~[tomcat-embed-core-9.0.64.jar:9.0.64]
	at java.base/java.util.concurrent.AbstractExecutorService.submit(AbstractExecutorService.java:145) ~[na:na]
	at org.apache.catalina.core.ContainerBase.startInternal(ContainerBase.java:919) ~[tomcat-embed-core-9.0.64.jar:9.0.64]
	at org.apache.catalina.core.StandardHost.startInternal(StandardHost.java:835) ~[tomcat-embed-core-9.0.64.jar:9.0.64]
	at org.apache.catalina.util.LifecycleBase.start(LifecycleBase.java:183) ~[tomcat-embed-core-9.0.64.jar:9.0.64]
	at org.apache.catalina.core.ContainerBase$StartChild.call(ContainerBase.java:1396) ~[tomcat-embed-core-9.0.64.jar:9.0.64]
	at org.apache.catalina.core.ContainerBase$StartChild.call(ContainerBase.java:1386) ~[tomcat-embed-core-9.0.64.jar:9.0.64]
	at java.base/java.util.concurrent.FutureTask.run(FutureTask.java:264) ~[na:na]
	at org.apache.tomcat.util.threads.InlineExecutorService.execute(InlineExecutorService.java:75) ~[tomcat-embed-core-9.0.64.jar:9.0.64]
	at java.base/java.util.concurrent.AbstractExecutorService.submit(AbstractExecutorService.java:145) ~[na:na]
	at org.apache.catalina.core.ContainerBase.startInternal(ContainerBase.java:919) ~[tomcat-embed-core-9.0.64.jar:9.0.64]
	at org.apache.catalina.core.StandardEngine.startInternal(StandardEngine.java:263) ~[tomcat-embed-core-9.0.64.jar:9.0.64]
	at org.apache.catalina.util.LifecycleBase.start(LifecycleBase.java:183) ~[tomcat-embed-core-9.0.64.jar:9.0.64]
	at org.apache.catalina.core.StandardService.startInternal(StandardService.java:432) ~[tomcat-embed-core-9.0.64.jar:9.0.64]
	at org.apache.catalina.util.LifecycleBase.start(LifecycleBase.java:183) ~[tomcat-embed-core-9.0.64.jar:9.0.64]
	at org.apache.catalina.core.StandardServer.startInternal(StandardServer.java:930) ~[tomcat-embed-core-9.0.64.jar:9.0.64]
	at org.apache.catalina.util.LifecycleBase.start(LifecycleBase.java:183) ~[tomcat-embed-core-9.0.64.jar:9.0.64]
	at org.apache.catalina.startup.Tomcat.start(Tomcat.java:486) ~[tomcat-embed-core-9.0.64.jar:9.0.64]
	at org.springframework.boot.web.embedded.tomcat.TomcatWebServer.initialize(TomcatWebServer.java:123) ~[spring-boot-2.7.1.jar:2.7.1]
	at org.springframework.boot.web.embedded.tomcat.TomcatWebServer.<init>(TomcatWebServer.java:104) ~[spring-boot-2.7.1.jar:2.7.1]
	at org.springframework.boot.web.embedded.tomcat.TomcatServletWebServerFactory.getTomcatWebServer(TomcatServletWebServerFactory.java:479) ~[spring-boot-2.7.1.jar:2.7.1]
	at org.springframework.boot.web.embedded.tomcat.TomcatServletWebServerFactory.getWebServer(TomcatServletWebServerFactory.java:211) ~[spring-boot-2.7.1.jar:2.7.1]
	at org.springframework.boot.web.servlet.context.ServletWebServerApplicationContext.createWebServer(ServletWebServerApplicationContext.java:184) ~[spring-boot-2.7.1.jar:2.7.1]
	at org.springframework.boot.web.servlet.context.ServletWebServerApplicationContext.onRefresh(ServletWebServerApplicationContext.java:162) ~[spring-boot-2.7.1.jar:2.7.1]
	at org.springframework.context.support.AbstractApplicationContext.refresh(AbstractApplicationContext.java:577) ~[spring-context-5.3.21.jar:5.3.21]
	at org.springframework.boot.web.servlet.context.ServletWebServerApplicationContext.refresh(ServletWebServerApplicationContext.java:147) ~[spring-boot-2.7.1.jar:2.7.1]
	at org.springframework.boot.SpringApplication.refresh(SpringApplication.java:734) ~[spring-boot-2.7.1.jar:2.7.1]
	at org.springframework.boot.SpringApplication.refreshContext(SpringApplication.java:408) ~[spring-boot-2.7.1.jar:2.7.1]
	at org.springframework.boot.SpringApplication.run(SpringApplication.java:308) ~[spring-boot-2.7.1.jar:2.7.1]
	at org.springframework.boot.SpringApplication.run(SpringApplication.java:1306) ~[spring-boot-2.7.1.jar:2.7.1]
	at org.springframework.boot.SpringApplication.run(SpringApplication.java:1295) ~[spring-boot-2.7.1.jar:2.7.1]
	at com.example.todoproject.TodoProjectApplication.main(TodoProjectApplication.java:10) ~[classes/:na]
	at java.base/jdk.internal.reflect.DirectMethodHandleAccessor.invoke(DirectMethodHandleAccessor.java:104) ~[na:na]
	at java.base/java.lang.reflect.Method.invoke(Method.java:577) ~[na:na]
	at org.springframework.boot.devtools.restart.RestartLauncher.run(RestartLauncher.java:49) ~[spring-boot-devtools-2.7.1.jar:2.7.1]

2022-07-24 01:07:32.367  INFO 1793 --- [restartedMain] o.hibernate.jpa.internal.util.LogHelper  : HHH000204: Processing PersistenceUnitInfo [name: default]
2022-07-24 01:07:32.457  INFO 1793 --- [restartedMain] org.hibernate.Version                    : HHH000412: Hibernate ORM core version 5.6.9.Final
2022-07-24 01:07:32.623  INFO 1793 --- [restartedMain] o.hibernate.annotations.common.Version   : HCANN000001: Hibernate Commons Annotations {5.1.2.Final}
2022-07-24 01:07:32.690  INFO 1793 --- [restartedMain] com.zaxxer.hikari.HikariDataSource       : HikariPool-1 - Starting...
2022-07-24 01:07:32.991  INFO 1793 --- [restartedMain] com.zaxxer.hikari.HikariDataSource       : HikariPool-1 - Start completed.
2022-07-24 01:07:33.002  INFO 1793 --- [restartedMain] org.hibernate.dialect.Dialect            : HHH000400: Using dialect: org.hibernate.dialect.MySQL5InnoDBDialect
2022-07-24 01:07:33.603  INFO 1793 --- [restartedMain] o.h.e.t.j.p.i.JtaPlatformInitiator       : HHH000490: Using JtaPlatform implementation: [org.hibernate.engine.transaction.jta.platform.internal.NoJtaPlatform]
2022-07-24 01:07:33.610  INFO 1793 --- [restartedMain] j.LocalContainerEntityManagerFactoryBean : Initialized JPA EntityManagerFactory for persistence unit 'default'
2022-07-24 01:07:33.915  WARN 1793 --- [restartedMain] JpaBaseConfiguration$JpaWebConfiguration : spring.jpa.open-in-view is enabled by default. Therefore, database queries may be performed during view rendering. Explicitly configure spring.jpa.open-in-view to disable this warning
2022-07-24 01:07:33.955  WARN 1793 --- [restartedMain] ConfigServletWebServerApplicationContext : Exception encountered during context initialization - cancelling refresh attempt: org.springframework.beans.factory.UnsatisfiedDependencyException: Error creating bean with name 'todoController' defined in file [/Users/kma/Desktop/Todo-project/target/classes/com/example/todoproject/controller/TodoController.class]: Unsatisfied dependency expressed through constructor parameter 0; nested exception is org.springframework.beans.factory.UnsatisfiedDependencyException: Error creating bean with name 'todoService' defined in file [/Users/kma/Desktop/Todo-project/target/classes/com/example/todoproject/service/TodoService.class]: Unsatisfied dependency expressed through constructor parameter 0; nested exception is org.springframework.beans.factory.BeanCreationException: Error creating bean with name 'todoRepository' defined in com.example.todoproject.repository.TodoRepository defined in @EnableJpaRepositories declared on JpaRepositoriesRegistrar.EnableJpaRepositoriesConfiguration: Invocation of init method failed; nested exception is org.springframework.data.repository.query.QueryCreationException: Could not create query for public abstract void com.example.todoproject.repository.TodoRepository.deleteTodo(java.lang.String); Reason: Using named parameters for method public abstract void com.example.todoproject.repository.TodoRepository.deleteTodo(java.lang.String) but parameter 'Optional[todoId]' not found in annotated query 'delete from Todo todo where todo.id=:id'!; nested exception is java.lang.IllegalStateException: Using named parameters for method public abstract void com.example.todoproject.repository.TodoRepository.deleteTodo(java.lang.String) but parameter 'Optional[todoId]' not found in annotated query 'delete from Todo todo where todo.id=:id'!
2022-07-24 01:07:33.955  INFO 1793 --- [restartedMain] j.LocalContainerEntityManagerFactoryBean : Closing JPA EntityManagerFactory for persistence unit 'default'
2022-07-24 01:07:33.958  INFO 1793 --- [restartedMain] com.zaxxer.hikari.HikariDataSource       : HikariPool-1 - Shutdown initiated...
2022-07-24 01:07:33.963  INFO 1793 --- [restartedMain] com.zaxxer.hikari.HikariDataSource       : HikariPool-1 - Shutdown completed.
2022-07-24 01:07:33.966  INFO 1793 --- [restartedMain] o.apache.catalina.core.StandardService   : Stopping service [Tomcat]
2022-07-24 01:07:33.978  INFO 1793 --- [restartedMain] ConditionEvaluationReportLoggingListener : 

Error starting ApplicationContext. To display the conditions report re-run your application with 'debug' enabled.
2022-07-24 01:07:34.005 ERROR 1793 --- [restartedMain] o.s.boot.SpringApplication               : Application run failed

org.springframework.beans.factory.UnsatisfiedDependencyException: Error creating bean with name 'todoController' defined in file [/Users/kma/Desktop/Todo-project/target/classes/com/example/todoproject/controller/TodoController.class]: Unsatisfied dependency expressed through constructor parameter 0; nested exception is org.springframework.beans.factory.UnsatisfiedDependencyException: Error creating bean with name 'todoService' defined in file [/Users/kma/Desktop/Todo-project/target/classes/com/example/todoproject/service/TodoService.class]: Unsatisfied dependency expressed through constructor parameter 0; nested exception is org.springframework.beans.factory.BeanCreationException: Error creating bean with name 'todoRepository' defined in com.example.todoproject.repository.TodoRepository defined in @EnableJpaRepositories declared on JpaRepositoriesRegistrar.EnableJpaRepositoriesConfiguration: Invocation of init method failed; nested exception is org.springframework.data.repository.query.QueryCreationException: Could not create query for public abstract void com.example.todoproject.repository.TodoRepository.deleteTodo(java.lang.String); Reason: Using named parameters for method public abstract void com.example.todoproject.repository.TodoRepository.deleteTodo(java.lang.String) but parameter 'Optional[todoId]' not found in annotated query 'delete from Todo todo where todo.id=:id'!; nested exception is java.lang.IllegalStateException: Using named parameters for method public abstract void com.example.todoproject.repository.TodoRepository.deleteTodo(java.lang.String) but parameter 'Optional[todoId]' not found in annotated query 'delete from Todo todo where todo.id=:id'!
	at org.springframework.beans.factory.support.ConstructorResolver.createArgumentArray(ConstructorResolver.java:800) ~[spring-beans-5.3.21.jar:5.3.21]
	at org.springframework.beans.factory.support.ConstructorResolver.autowireConstructor(ConstructorResolver.java:229) ~[spring-beans-5.3.21.jar:5.3.21]
	at org.springframework.beans.factory.support.AbstractAutowireCapableBeanFactory.autowireConstructor(AbstractAutowireCapableBeanFactory.java:1372) ~[spring-beans-5.3.21.jar:5.3.21]
	at org.springframework.beans.factory.support.AbstractAutowireCapableBeanFactory.createBeanInstance(AbstractAutowireCapableBeanFactory.java:1222) ~[spring-beans-5.3.21.jar:5.3.21]
	at org.springframework.beans.factory.support.AbstractAutowireCapableBeanFactory.doCreateBean(AbstractAutowireCapableBeanFactory.java:582) ~[spring-beans-5.3.21.jar:5.3.21]
	at org.springframework.beans.factory.support.AbstractAutowireCapableBeanFactory.createBean(AbstractAutowireCapableBeanFactory.java:542) ~[spring-beans-5.3.21.jar:5.3.21]
	at org.springframework.beans.factory.support.AbstractBeanFactory.lambda$doGetBean$0(AbstractBeanFactory.java:335) ~[spring-beans-5.3.21.jar:5.3.21]
	at org.springframework.beans.factory.support.DefaultSingletonBeanRegistry.getSingleton(DefaultSingletonBeanRegistry.java:234) ~[spring-beans-5.3.21.jar:5.3.21]
	at org.springframework.beans.factory.support.AbstractBeanFactory.doGetBean(AbstractBeanFactory.java:333) ~[spring-beans-5.3.21.jar:5.3.21]
	at org.springframework.beans.factory.support.AbstractBeanFactory.getBean(AbstractBeanFactory.java:208) ~[spring-beans-5.3.21.jar:5.3.21]
	at org.springframework.beans.factory.support.DefaultListableBeanFactory.preInstantiateSingletons(DefaultListableBeanFactory.java:955) ~[spring-beans-5.3.21.jar:5.3.21]
	at org.springframework.context.support.AbstractApplicationContext.finishBeanFactoryInitialization(AbstractApplicationContext.java:918) ~[spring-context-5.3.21.jar:5.3.21]
	at org.springframework.context.support.AbstractApplicationContext.refresh(AbstractApplicationContext.java:583) ~[spring-context-5.3.21.jar:5.3.21]
	at org.springframework.boot.web.servlet.context.ServletWebServerApplicationContext.refresh(ServletWebServerApplicationContext.java:147) ~[spring-boot-2.7.1.jar:2.7.1]
	at org.springframework.boot.SpringApplication.refresh(SpringApplication.java:734) ~[spring-boot-2.7.1.jar:2.7.1]
	at org.springframework.boot.SpringApplication.refreshContext(SpringApplication.java:408) ~[spring-boot-2.7.1.jar:2.7.1]
	at org.springframework.boot.SpringApplication.run(SpringApplication.java:308) ~[spring-boot-2.7.1.jar:2.7.1]
	at org.springframework.boot.SpringApplication.run(SpringApplication.java:1306) ~[spring-boot-2.7.1.jar:2.7.1]
	at org.springframework.boot.SpringApplication.run(SpringApplication.java:1295) ~[spring-boot-2.7.1.jar:2.7.1]
	at com.example.todoproject.TodoProjectApplication.main(TodoProjectApplication.java:10) ~[classes/:na]
	at java.base/jdk.internal.reflect.DirectMethodHandleAccessor.invoke(DirectMethodHandleAccessor.java:104) ~[na:na]
	at java.base/java.lang.reflect.Method.invoke(Method.java:577) ~[na:na]
	at org.springframework.boot.devtools.restart.RestartLauncher.run(RestartLauncher.java:49) ~[spring-boot-devtools-2.7.1.jar:2.7.1]
Caused by: org.springframework.beans.factory.UnsatisfiedDependencyException: Error creating bean with name 'todoService' defined in file [/Users/kma/Desktop/Todo-project/target/classes/com/example/todoproject/service/TodoService.class]: Unsatisfied dependency expressed through constructor parameter 0; nested exception is org.springframework.beans.factory.BeanCreationException: Error creating bean with name 'todoRepository' defined in com.example.todoproject.repository.TodoRepository defined in @EnableJpaRepositories declared on JpaRepositoriesRegistrar.EnableJpaRepositoriesConfiguration: Invocation of init method failed; nested exception is org.springframework.data.repository.query.QueryCreationException: Could not create query for public abstract void com.example.todoproject.repository.TodoRepository.deleteTodo(java.lang.String); Reason: Using named parameters for method public abstract void com.example.todoproject.repository.TodoRepository.deleteTodo(java.lang.String) but parameter 'Optional[todoId]' not found in annotated query 'delete from Todo todo where todo.id=:id'!; nested exception is java.lang.IllegalStateException: Using named parameters for method public abstract void com.example.todoproject.repository.TodoRepository.deleteTodo(java.lang.String) but parameter 'Optional[todoId]' not found in annotated query 'delete from Todo todo where todo.id=:id'!
	at org.springframework.beans.factory.support.ConstructorResolver.createArgumentArray(ConstructorResolver.java:800) ~[spring-beans-5.3.21.jar:5.3.21]
	at org.springframework.beans.factory.support.ConstructorResolver.autowireConstructor(ConstructorResolver.java:229) ~[spring-beans-5.3.21.jar:5.3.21]
	at org.springframework.beans.factory.support.AbstractAutowireCapableBeanFactory.autowireConstructor(AbstractAutowireCapableBeanFactory.java:1372) ~[spring-beans-5.3.21.jar:5.3.21]
	at org.springframework.beans.factory.support.AbstractAutowireCapableBeanFactory.createBeanInstance(AbstractAutowireCapableBeanFactory.java:1222) ~[spring-beans-5.3.21.jar:5.3.21]
	at org.springframework.beans.factory.support.AbstractAutowireCapableBeanFactory.doCreateBean(AbstractAutowireCapableBeanFactory.java:582) ~[spring-beans-5.3.21.jar:5.3.21]
	at org.springframework.beans.factory.support.AbstractAutowireCapableBeanFactory.createBean(AbstractAutowireCapableBeanFactory.java:542) ~[spring-beans-5.3.21.jar:5.3.21]
	at org.springframework.beans.factory.support.AbstractBeanFactory.lambda$doGetBean$0(AbstractBeanFactory.java:335) ~[spring-beans-5.3.21.jar:5.3.21]
	at org.springframework.beans.factory.support.DefaultSingletonBeanRegistry.getSingleton(DefaultSingletonBeanRegistry.java:234) ~[spring-beans-5.3.21.jar:5.3.21]
	at org.springframework.beans.factory.support.AbstractBeanFactory.doGetBean(AbstractBeanFactory.java:333) ~[spring-beans-5.3.21.jar:5.3.21]
	at org.springframework.beans.factory.support.AbstractBeanFactory.getBean(AbstractBeanFactory.java:208) ~[spring-beans-5.3.21.jar:5.3.21]
	at org.springframework.beans.factory.config.DependencyDescriptor.resolveCandidate(DependencyDescriptor.java:276) ~[spring-beans-5.3.21.jar:5.3.21]
	at org.springframework.beans.factory.support.DefaultListableBeanFactory.doResolveDependency(DefaultListableBeanFactory.java:1391) ~[spring-beans-5.3.21.jar:5.3.21]
	at org.springframework.beans.factory.support.DefaultListableBeanFactory.resolveDependency(DefaultListableBeanFactory.java:1311) ~[spring-beans-5.3.21.jar:5.3.21]
	at org.springframework.beans.factory.support.ConstructorResolver.resolveAutowiredArgument(ConstructorResolver.java:887) ~[spring-beans-5.3.21.jar:5.3.21]
	at org.springframework.beans.factory.support.ConstructorResolver.createArgumentArray(ConstructorResolver.java:791) ~[spring-beans-5.3.21.jar:5.3.21]
	... 22 common frames omitted
Caused by: org.springframework.beans.factory.BeanCreationException: Error creating bean with name 'todoRepository' defined in com.example.todoproject.repository.TodoRepository defined in @EnableJpaRepositories declared on JpaRepositoriesRegistrar.EnableJpaRepositoriesConfiguration: Invocation of init method failed; nested exception is org.springframework.data.repository.query.QueryCreationException: Could not create query for public abstract void com.example.todoproject.repository.TodoRepository.deleteTodo(java.lang.String); Reason: Using named parameters for method public abstract void com.example.todoproject.repository.TodoRepository.deleteTodo(java.lang.String) but parameter 'Optional[todoId]' not found in annotated query 'delete from Todo todo where todo.id=:id'!; nested exception is java.lang.IllegalStateException: Using named parameters for method public abstract void com.example.todoproject.repository.TodoRepository.deleteTodo(java.lang.String) but parameter 'Optional[todoId]' not found in annotated query 'delete from Todo todo where todo.id=:id'!
	at org.springframework.beans.factory.support.AbstractAutowireCapableBeanFactory.initializeBean(AbstractAutowireCapableBeanFactory.java:1804) ~[spring-beans-5.3.21.jar:5.3.21]
	at org.springframework.beans.factory.support.AbstractAutowireCapableBeanFactory.doCreateBean(AbstractAutowireCapableBeanFactory.java:620) ~[spring-beans-5.3.21.jar:5.3.21]
	at org.springframework.beans.factory.support.AbstractAutowireCapableBeanFactory.createBean(AbstractAutowireCapableBeanFactory.java:542) ~[spring-beans-5.3.21.jar:5.3.21]
	at org.springframework.beans.factory.support.AbstractBeanFactory.lambda$doGetBean$0(AbstractBeanFactory.java:335) ~[spring-beans-5.3.21.jar:5.3.21]
	at org.springframework.beans.factory.support.DefaultSingletonBeanRegistry.getSingleton(DefaultSingletonBeanRegistry.java:234) ~[spring-beans-5.3.21.jar:5.3.21]
	at org.springframework.beans.factory.support.AbstractBeanFactory.doGetBean(AbstractBeanFactory.java:333) ~[spring-beans-5.3.21.jar:5.3.21]
	at org.springframework.beans.factory.support.AbstractBeanFactory.getBean(AbstractBeanFactory.java:208) ~[spring-beans-5.3.21.jar:5.3.21]
	at org.springframework.beans.factory.config.DependencyDescriptor.resolveCandidate(DependencyDescriptor.java:276) ~[spring-beans-5.3.21.jar:5.3.21]
	at org.springframework.beans.factory.support.DefaultListableBeanFactory.doResolveDependency(DefaultListableBeanFactory.java:1391) ~[spring-beans-5.3.21.jar:5.3.21]
	at org.springframework.beans.factory.support.DefaultListableBeanFactory.resolveDependency(DefaultListableBeanFactory.java:1311) ~[spring-beans-5.3.21.jar:5.3.21]
	at org.springframework.beans.factory.support.ConstructorResolver.resolveAutowiredArgument(ConstructorResolver.java:887) ~[spring-beans-5.3.21.jar:5.3.21]
	at org.springframework.beans.factory.support.ConstructorResolver.createArgumentArray(ConstructorResolver.java:791) ~[spring-beans-5.3.21.jar:5.3.21]
	... 36 common frames omitted
Caused by: org.springframework.data.repository.query.QueryCreationException: Could not create query for public abstract void com.example.todoproject.repository.TodoRepository.deleteTodo(java.lang.String); Reason: Using named parameters for method public abstract void com.example.todoproject.repository.TodoRepository.deleteTodo(java.lang.String) but parameter 'Optional[todoId]' not found in annotated query 'delete from Todo todo where todo.id=:id'!; nested exception is java.lang.IllegalStateException: Using named parameters for method public abstract void com.example.todoproject.repository.TodoRepository.deleteTodo(java.lang.String) but parameter 'Optional[todoId]' not found in annotated query 'delete from Todo todo where todo.id=:id'!
	at org.springframework.data.repository.query.QueryCreationException.create(QueryCreationException.java:101) ~[spring-data-commons-2.7.1.jar:2.7.1]
	at org.springframework.data.repository.core.support.QueryExecutorMethodInterceptor.lookupQuery(QueryExecutorMethodInterceptor.java:107) ~[spring-data-commons-2.7.1.jar:2.7.1]
	at org.springframework.data.repository.core.support.QueryExecutorMethodInterceptor.lambda$mapMethodsToQuery$1(QueryExecutorMethodInterceptor.java:95) ~[spring-data-commons-2.7.1.jar:2.7.1]
	at java.base/java.util.stream.ReferencePipeline$3$1.accept(ReferencePipeline.java:197) ~[na:na]
	at java.base/java.util.Iterator.forEachRemaining(Iterator.java:133) ~[na:na]
	at java.base/java.util.Collections$UnmodifiableCollection$1.forEachRemaining(Collections.java:1061) ~[na:na]
	at java.base/java.util.Spliterators$IteratorSpliterator.forEachRemaining(Spliterators.java:1845) ~[na:na]
	at java.base/java.util.stream.AbstractPipeline.copyInto(AbstractPipeline.java:509) ~[na:na]
	at java.base/java.util.stream.AbstractPipeline.wrapAndCopyInto(AbstractPipeline.java:499) ~[na:na]
	at java.base/java.util.stream.ReduceOps$ReduceOp.evaluateSequential(ReduceOps.java:921) ~[na:na]
	at java.base/java.util.stream.AbstractPipeline.evaluate(AbstractPipeline.java:234) ~[na:na]
	at java.base/java.util.stream.ReferencePipeline.collect(ReferencePipeline.java:682) ~[na:na]
	at org.springframework.data.repository.core.support.QueryExecutorMethodInterceptor.mapMethodsToQuery(QueryExecutorMethodInterceptor.java:97) ~[spring-data-commons-2.7.1.jar:2.7.1]
	at org.springframework.data.repository.core.support.QueryExecutorMethodInterceptor.lambda$new$0(QueryExecutorMethodInterceptor.java:87) ~[spring-data-commons-2.7.1.jar:2.7.1]
	at java.base/java.util.Optional.map(Optional.java:260) ~[na:na]
	at org.springframework.data.repository.core.support.QueryExecutorMethodInterceptor.<init>(QueryExecutorMethodInterceptor.java:87) ~[spring-data-commons-2.7.1.jar:2.7.1]
	at org.springframework.data.repository.core.support.RepositoryFactorySupport.getRepository(RepositoryFactorySupport.java:365) ~[spring-data-commons-2.7.1.jar:2.7.1]
	at org.springframework.data.repository.core.support.RepositoryFactoryBeanSupport.lambda$afterPropertiesSet$5(RepositoryFactoryBeanSupport.java:323) ~[spring-data-commons-2.7.1.jar:2.7.1]
	at org.springframework.data.util.Lazy.getNullable(Lazy.java:231) ~[spring-data-commons-2.7.1.jar:2.7.1]
	at org.springframework.data.util.Lazy.get(Lazy.java:115) ~[spring-data-commons-2.7.1.jar:2.7.1]
	at org.springframework.data.repository.core.support.RepositoryFactoryBeanSupport.afterPropertiesSet(RepositoryFactoryBeanSupport.java:329) ~[spring-data-commons-2.7.1.jar:2.7.1]
	at org.springframework.data.jpa.repository.support.JpaRepositoryFactoryBean.afterPropertiesSet(JpaRepositoryFactoryBean.java:144) ~[spring-data-jpa-2.7.1.jar:2.7.1]
	at org.springframework.beans.factory.support.AbstractAutowireCapableBeanFactory.invokeInitMethods(AbstractAutowireCapableBeanFactory.java:1863) ~[spring-beans-5.3.21.jar:5.3.21]
	at org.springframework.beans.factory.support.AbstractAutowireCapableBeanFactory.initializeBean(AbstractAutowireCapableBeanFactory.java:1800) ~[spring-beans-5.3.21.jar:5.3.21]
	... 47 common frames omitted
Caused by: java.lang.IllegalStateException: Using named parameters for method public abstract void com.example.todoproject.repository.TodoRepository.deleteTodo(java.lang.String) but parameter 'Optional[todoId]' not found in annotated query 'delete from Todo todo where todo.id=:id'!
	at org.springframework.data.jpa.repository.query.JpaQueryMethod.assertParameterNamesInAnnotatedQuery(JpaQueryMethod.java:172) ~[spring-data-jpa-2.7.1.jar:2.7.1]
	at org.springframework.data.jpa.repository.query.JpaQueryMethod.<init>(JpaQueryMethod.java:139) ~[spring-data-jpa-2.7.1.jar:2.7.1]
	at org.springframework.data.jpa.repository.query.DefaultJpaQueryMethodFactory.build(DefaultJpaQueryMethodFactory.java:44) ~[spring-data-jpa-2.7.1.jar:2.7.1]
	at org.springframework.data.jpa.repository.query.JpaQueryLookupStrategy$AbstractQueryLookupStrategy.resolveQuery(JpaQueryLookupStrategy.java:93) ~[spring-data-jpa-2.7.1.jar:2.7.1]
	at org.springframework.data.repository.core.support.QueryExecutorMethodInterceptor.lookupQuery(QueryExecutorMethodInterceptor.java:103) ~[spring-data-commons-2.7.1.jar:2.7.1]
	... 69 common frames omitted

2022-07-24 01:08:06.941  INFO 1800 --- [restartedMain] c.e.todoproject.TodoProjectApplication   : Starting TodoProjectApplication using Java 18.0.1.1 on Khaleds-MacBook-Pro.local with PID 1800 (/Users/kma/Desktop/Todo-project/target/classes started by kma in /Users/kma/Desktop/Todo-project)
2022-07-24 01:08:06.942  INFO 1800 --- [restartedMain] c.e.todoproject.TodoProjectApplication   : No active profile set, falling back to 1 default profile: "default"
2022-07-24 01:08:07.001  INFO 1800 --- [restartedMain] .e.DevToolsPropertyDefaultsPostProcessor : Devtools property defaults active! Set 'spring.devtools.add-properties' to 'false' to disable
2022-07-24 01:08:07.001  INFO 1800 --- [restartedMain] .e.DevToolsPropertyDefaultsPostProcessor : For additional web related logging consider setting the 'logging.level.web' property to 'DEBUG'
2022-07-24 01:08:07.668  INFO 1800 --- [restartedMain] .s.d.r.c.RepositoryConfigurationDelegate : Bootstrapping Spring Data JPA repositories in DEFAULT mode.
2022-07-24 01:08:07.728  INFO 1800 --- [restartedMain] .s.d.r.c.RepositoryConfigurationDelegate : Finished Spring Data repository scanning in 51 ms. Found 2 JPA repository interfaces.
2022-07-24 01:08:08.348  INFO 1800 --- [restartedMain] o.s.b.w.embedded.tomcat.TomcatWebServer  : Tomcat initialized with port(s): 8080 (http)
2022-07-24 01:08:08.363  INFO 1800 --- [restartedMain] o.apache.catalina.core.StandardService   : Starting service [Tomcat]
2022-07-24 01:08:08.364  INFO 1800 --- [restartedMain] org.apache.catalina.core.StandardEngine  : Starting Servlet engine: [Apache Tomcat/9.0.64]
2022-07-24 01:08:08.444  INFO 1800 --- [restartedMain] o.a.c.c.C.[Tomcat].[localhost].[/]       : Initializing Spring embedded WebApplicationContext
2022-07-24 01:08:08.445  INFO 1800 --- [restartedMain] w.s.c.ServletWebServerApplicationContext : Root WebApplicationContext: initialization completed in 1443 ms
2022-07-24 01:08:08.616  INFO 1800 --- [restartedMain] o.hibernate.jpa.internal.util.LogHelper  : HHH000204: Processing PersistenceUnitInfo [name: default]
2022-07-24 01:08:08.684  INFO 1800 --- [restartedMain] org.hibernate.Version                    : HHH000412: Hibernate ORM core version 5.6.9.Final
2022-07-24 01:08:08.903  INFO 1800 --- [restartedMain] o.hibernate.annotations.common.Version   : HCANN000001: Hibernate Commons Annotations {5.1.2.Final}
2022-07-24 01:08:09.007  INFO 1800 --- [restartedMain] com.zaxxer.hikari.HikariDataSource       : HikariPool-1 - Starting...
2022-07-24 01:08:09.390  INFO 1800 --- [restartedMain] com.zaxxer.hikari.HikariDataSource       : HikariPool-1 - Start completed.
2022-07-24 01:08:09.409  INFO 1800 --- [restartedMain] org.hibernate.dialect.Dialect            : HHH000400: Using dialect: org.hibernate.dialect.MySQL5InnoDBDialect
2022-07-24 01:08:10.060  INFO 1800 --- [restartedMain] o.h.e.t.j.p.i.JtaPlatformInitiator       : HHH000490: Using JtaPlatform implementation: [org.hibernate.engine.transaction.jta.platform.internal.NoJtaPlatform]
2022-07-24 01:08:10.067  INFO 1800 --- [restartedMain] j.LocalContainerEntityManagerFactoryBean : Initialized JPA EntityManagerFactory for persistence unit 'default'
2022-07-24 01:08:10.440  WARN 1800 --- [restartedMain] JpaBaseConfiguration$JpaWebConfiguration : spring.jpa.open-in-view is enabled by default. Therefore, database queries may be performed during view rendering. Explicitly configure spring.jpa.open-in-view to disable this warning
2022-07-24 01:08:10.727  INFO 1800 --- [restartedMain] o.s.s.web.DefaultSecurityFilterChain     : Will secure any request with [org.springframework.security.web.session.DisableEncodeUrlFilter@5ac7abc1, org.springframework.security.web.context.request.async.WebAsyncManagerIntegrationFilter@34f6ec72, org.springframework.security.web.context.SecurityContextPersistenceFilter@de3fcb4, org.springframework.security.web.header.HeaderWriterFilter@3d88b8c5, org.springframework.web.filter.CorsFilter@6bc0d07f, org.springframework.security.web.authentication.logout.LogoutFilter@2f193b0e, org.springframework.security.web.authentication.www.BasicAuthenticationFilter@20df12ee, org.springframework.security.web.savedrequest.RequestCacheAwareFilter@62884b61, org.springframework.security.web.servletapi.SecurityContextHolderAwareRequestFilter@58240dcf, org.springframework.security.web.authentication.AnonymousAuthenticationFilter@5fbfe8f2, org.springframework.security.web.session.SessionManagementFilter@3277100, org.springframework.security.web.access.ExceptionTranslationFilter@158b1e97, org.springframework.security.web.access.intercept.FilterSecurityInterceptor@7b6d3ca0]
2022-07-24 01:08:11.012  INFO 1800 --- [restartedMain] o.s.b.d.a.OptionalLiveReloadServer       : LiveReload server is running on port 35729
2022-07-24 01:08:11.045  INFO 1800 --- [restartedMain] o.s.b.w.embedded.tomcat.TomcatWebServer  : Tomcat started on port(s): 8080 (http) with context path ''
2022-07-24 01:08:11.057  INFO 1800 --- [restartedMain] c.e.todoproject.TodoProjectApplication   : Started TodoProjectApplication in 4.451 seconds (JVM running for 5.381)
2022-07-24 01:08:18.623  INFO 1800 --- [http-nio-8080-exec-1] o.a.c.c.C.[Tomcat].[localhost].[/]       : Initializing Spring DispatcherServlet 'dispatcherServlet'
2022-07-24 01:08:18.624  INFO 1800 --- [http-nio-8080-exec-1] o.s.web.servlet.DispatcherServlet        : Initializing Servlet 'dispatcherServlet'
2022-07-24 01:08:18.625  INFO 1800 --- [http-nio-8080-exec-1] o.s.web.servlet.DispatcherServlet        : Completed initialization in 1 ms
2022-07-24 01:08:34.341  INFO 1800 --- [http-nio-8080-exec-5] c.e.todoproject.service.TodoService      :  After  todoRepository.delete(deleteTodo)  // TODO: 24/07/2022  
2022-07-24 01:08:34.341  INFO 1800 --- [http-nio-8080-exec-5] c.e.t.controller.TodoController          : delete Controller After call service
2022-07-24 01:09:34.593  INFO 1800 --- [SpringApplicationShutdownHook] j.LocalContainerEntityManagerFactoryBean : Closing JPA EntityManagerFactory for persistence unit 'default'
2022-07-24 01:09:34.600  INFO 1800 --- [SpringApplicationShutdownHook] com.zaxxer.hikari.HikariDataSource       : HikariPool-1 - Shutdown initiated...
2022-07-24 01:09:34.622  INFO 1800 --- [SpringApplicationShutdownHook] com.zaxxer.hikari.HikariDataSource       : HikariPool-1 - Shutdown completed.
2022-07-24 01:17:19.448  INFO 1862 --- [restartedMain] c.e.todoproject.TodoProjectApplication   : Starting TodoProjectApplication using Java 18.0.1.1 on Khaleds-MacBook-Pro.local with PID 1862 (/Users/kma/Desktop/Todo-project/target/classes started by kma in /Users/kma/Desktop/Todo-project)
2022-07-24 01:17:19.451  INFO 1862 --- [restartedMain] c.e.todoproject.TodoProjectApplication   : No active profile set, falling back to 1 default profile: "default"
2022-07-24 01:17:19.518  INFO 1862 --- [restartedMain] .e.DevToolsPropertyDefaultsPostProcessor : Devtools property defaults active! Set 'spring.devtools.add-properties' to 'false' to disable
2022-07-24 01:17:19.519  INFO 1862 --- [restartedMain] .e.DevToolsPropertyDefaultsPostProcessor : For additional web related logging consider setting the 'logging.level.web' property to 'DEBUG'
2022-07-24 01:17:20.261  INFO 1862 --- [restartedMain] .s.d.r.c.RepositoryConfigurationDelegate : Bootstrapping Spring Data JPA repositories in DEFAULT mode.
2022-07-24 01:17:20.337  INFO 1862 --- [restartedMain] .s.d.r.c.RepositoryConfigurationDelegate : Finished Spring Data repository scanning in 65 ms. Found 2 JPA repository interfaces.
2022-07-24 01:17:20.917  INFO 1862 --- [restartedMain] o.s.b.w.embedded.tomcat.TomcatWebServer  : Tomcat initialized with port(s): 8080 (http)
2022-07-24 01:17:20.925  INFO 1862 --- [restartedMain] o.apache.catalina.core.StandardService   : Starting service [Tomcat]
2022-07-24 01:17:20.925  INFO 1862 --- [restartedMain] org.apache.catalina.core.StandardEngine  : Starting Servlet engine: [Apache Tomcat/9.0.64]
2022-07-24 01:17:20.982  INFO 1862 --- [restartedMain] o.a.c.c.C.[Tomcat].[localhost].[/]       : Initializing Spring embedded WebApplicationContext
2022-07-24 01:17:20.982  INFO 1862 --- [restartedMain] w.s.c.ServletWebServerApplicationContext : Root WebApplicationContext: initialization completed in 1462 ms
2022-07-24 01:17:21.049  WARN 1862 --- [restartedMain] o.a.c.c.C.[Tomcat].[localhost].[/]       : Cannot deserialize session attribute [SPRING_SECURITY_CONTEXT] for session [C18903B51EA800D2FD3809CE4A056EA1]
2022-07-24 01:17:21.141  INFO 1862 --- [restartedMain] o.hibernate.jpa.internal.util.LogHelper  : HHH000204: Processing PersistenceUnitInfo [name: default]
2022-07-24 01:17:21.198  INFO 1862 --- [restartedMain] org.hibernate.Version                    : HHH000412: Hibernate ORM core version 5.6.9.Final
2022-07-24 01:17:21.347  INFO 1862 --- [restartedMain] o.hibernate.annotations.common.Version   : HCANN000001: Hibernate Commons Annotations {5.1.2.Final}
2022-07-24 01:17:21.419  INFO 1862 --- [restartedMain] com.zaxxer.hikari.HikariDataSource       : HikariPool-1 - Starting...
2022-07-24 01:17:21.705  INFO 1862 --- [restartedMain] com.zaxxer.hikari.HikariDataSource       : HikariPool-1 - Start completed.
2022-07-24 01:17:21.718  INFO 1862 --- [restartedMain] org.hibernate.dialect.Dialect            : HHH000400: Using dialect: org.hibernate.dialect.MySQL5InnoDBDialect
2022-07-24 01:17:22.338  INFO 1862 --- [restartedMain] o.h.e.t.j.p.i.JtaPlatformInitiator       : HHH000490: Using JtaPlatform implementation: [org.hibernate.engine.transaction.jta.platform.internal.NoJtaPlatform]
2022-07-24 01:17:22.344  INFO 1862 --- [restartedMain] j.LocalContainerEntityManagerFactoryBean : Initialized JPA EntityManagerFactory for persistence unit 'default'
2022-07-24 01:17:22.681  WARN 1862 --- [restartedMain] JpaBaseConfiguration$JpaWebConfiguration : spring.jpa.open-in-view is enabled by default. Therefore, database queries may be performed during view rendering. Explicitly configure spring.jpa.open-in-view to disable this warning
2022-07-24 01:17:22.965  INFO 1862 --- [restartedMain] o.s.s.web.DefaultSecurityFilterChain     : Will secure any request with [org.springframework.security.web.session.DisableEncodeUrlFilter@478c37c0, org.springframework.security.web.context.request.async.WebAsyncManagerIntegrationFilter@680896a1, org.springframework.security.web.context.SecurityContextPersistenceFilter@4883761c, org.springframework.security.web.header.HeaderWriterFilter@3a89f95f, org.springframework.web.filter.CorsFilter@1bd133c3, org.springframework.security.web.authentication.logout.LogoutFilter@31cb4084, org.springframework.security.web.authentication.www.BasicAuthenticationFilter@5bf50291, org.springframework.security.web.savedrequest.RequestCacheAwareFilter@66bd059, org.springframework.security.web.servletapi.SecurityContextHolderAwareRequestFilter@e0fb2b2, org.springframework.security.web.authentication.AnonymousAuthenticationFilter@259b16aa, org.springframework.security.web.session.SessionManagementFilter@7e5dda38, org.springframework.security.web.access.ExceptionTranslationFilter@5ac54b58, org.springframework.security.web.access.intercept.FilterSecurityInterceptor@56794b5c]
2022-07-24 01:17:23.242  INFO 1862 --- [restartedMain] o.s.b.d.a.OptionalLiveReloadServer       : LiveReload server is running on port 35729
2022-07-24 01:17:23.273  INFO 1862 --- [restartedMain] o.s.b.w.embedded.tomcat.TomcatWebServer  : Tomcat started on port(s): 8080 (http) with context path ''
2022-07-24 01:17:23.284  INFO 1862 --- [restartedMain] c.e.todoproject.TodoProjectApplication   : Started TodoProjectApplication in 4.187 seconds (JVM running for 5.042)
2022-07-24 01:17:30.517  INFO 1862 --- [http-nio-8080-exec-1] o.a.c.c.C.[Tomcat].[localhost].[/]       : Initializing Spring DispatcherServlet 'dispatcherServlet'
2022-07-24 01:17:30.517  INFO 1862 --- [http-nio-8080-exec-1] o.s.web.servlet.DispatcherServlet        : Initializing Servlet 'dispatcherServlet'
2022-07-24 01:17:30.518  INFO 1862 --- [http-nio-8080-exec-1] o.s.web.servlet.DispatcherServlet        : Completed initialization in 1 ms
2022-07-24 01:17:41.441  INFO 1862 --- [http-nio-8080-exec-4] c.e.todoproject.service.TodoService      :  After  todoRepository.delete(deleteTodo)  // TODO: 24/07/2022  
2022-07-24 01:17:41.442  INFO 1862 --- [http-nio-8080-exec-4] c.e.t.controller.TodoController          : delete Controller After call service
2022-07-24 01:18:09.201  INFO 1862 --- [http-nio-8080-exec-6] c.e.todoproject.service.TodoService      :  After  todoRepository.delete(deleteTodo)  // TODO: 24/07/2022  
2022-07-24 01:18:09.202  INFO 1862 --- [http-nio-8080-exec-6] c.e.t.controller.TodoController          : delete Controller After call service
2022-07-24 01:18:23.689  INFO 1862 --- [SpringApplicationShutdownHook] j.LocalContainerEntityManagerFactoryBean : Closing JPA EntityManagerFactory for persistence unit 'default'
2022-07-24 01:18:23.693  INFO 1862 --- [SpringApplicationShutdownHook] com.zaxxer.hikari.HikariDataSource       : HikariPool-1 - Shutdown initiated...
2022-07-24 01:18:23.699  INFO 1862 --- [SpringApplicationShutdownHook] com.zaxxer.hikari.HikariDataSource       : HikariPool-1 - Shutdown completed.
2022-07-24 01:18:27.858  INFO 1870 --- [restartedMain] c.e.todoproject.TodoProjectApplication   : Starting TodoProjectApplication using Java 18.0.1.1 on Khaleds-MacBook-Pro.local with PID 1870 (/Users/kma/Desktop/Todo-project/target/classes started by kma in /Users/kma/Desktop/Todo-project)
2022-07-24 01:18:27.859  INFO 1870 --- [restartedMain] c.e.todoproject.TodoProjectApplication   : No active profile set, falling back to 1 default profile: "default"
2022-07-24 01:18:27.922  INFO 1870 --- [restartedMain] .e.DevToolsPropertyDefaultsPostProcessor : Devtools property defaults active! Set 'spring.devtools.add-properties' to 'false' to disable
2022-07-24 01:18:27.922  INFO 1870 --- [restartedMain] .e.DevToolsPropertyDefaultsPostProcessor : For additional web related logging consider setting the 'logging.level.web' property to 'DEBUG'
2022-07-24 01:18:28.603  INFO 1870 --- [restartedMain] .s.d.r.c.RepositoryConfigurationDelegate : Bootstrapping Spring Data JPA repositories in DEFAULT mode.
2022-07-24 01:18:28.668  INFO 1870 --- [restartedMain] .s.d.r.c.RepositoryConfigurationDelegate : Finished Spring Data repository scanning in 55 ms. Found 2 JPA repository interfaces.
2022-07-24 01:18:29.254  INFO 1870 --- [restartedMain] o.s.b.w.embedded.tomcat.TomcatWebServer  : Tomcat initialized with port(s): 8080 (http)
2022-07-24 01:18:29.263  INFO 1870 --- [restartedMain] o.apache.catalina.core.StandardService   : Starting service [Tomcat]
2022-07-24 01:18:29.263  INFO 1870 --- [restartedMain] org.apache.catalina.core.StandardEngine  : Starting Servlet engine: [Apache Tomcat/9.0.64]
2022-07-24 01:18:29.318  INFO 1870 --- [restartedMain] o.a.c.c.C.[Tomcat].[localhost].[/]       : Initializing Spring embedded WebApplicationContext
2022-07-24 01:18:29.318  INFO 1870 --- [restartedMain] w.s.c.ServletWebServerApplicationContext : Root WebApplicationContext: initialization completed in 1395 ms
2022-07-24 01:18:29.462  INFO 1870 --- [restartedMain] o.hibernate.jpa.internal.util.LogHelper  : HHH000204: Processing PersistenceUnitInfo [name: default]
2022-07-24 01:18:29.517  INFO 1870 --- [restartedMain] org.hibernate.Version                    : HHH000412: Hibernate ORM core version 5.6.9.Final
2022-07-24 01:18:29.649  INFO 1870 --- [restartedMain] o.hibernate.annotations.common.Version   : HCANN000001: Hibernate Commons Annotations {5.1.2.Final}
2022-07-24 01:18:29.732  INFO 1870 --- [restartedMain] com.zaxxer.hikari.HikariDataSource       : HikariPool-1 - Starting...
2022-07-24 01:18:29.992  INFO 1870 --- [restartedMain] com.zaxxer.hikari.HikariDataSource       : HikariPool-1 - Start completed.
2022-07-24 01:18:30.004  INFO 1870 --- [restartedMain] org.hibernate.dialect.Dialect            : HHH000400: Using dialect: org.hibernate.dialect.MySQL5InnoDBDialect
2022-07-24 01:18:30.623  INFO 1870 --- [restartedMain] o.h.e.t.j.p.i.JtaPlatformInitiator       : HHH000490: Using JtaPlatform implementation: [org.hibernate.engine.transaction.jta.platform.internal.NoJtaPlatform]
2022-07-24 01:18:30.628  INFO 1870 --- [restartedMain] j.LocalContainerEntityManagerFactoryBean : Initialized JPA EntityManagerFactory for persistence unit 'default'
2022-07-24 01:18:30.916  WARN 1870 --- [restartedMain] JpaBaseConfiguration$JpaWebConfiguration : spring.jpa.open-in-view is enabled by default. Therefore, database queries may be performed during view rendering. Explicitly configure spring.jpa.open-in-view to disable this warning
2022-07-24 01:18:31.152  INFO 1870 --- [restartedMain] o.s.s.web.DefaultSecurityFilterChain     : Will secure any request with [org.springframework.security.web.session.DisableEncodeUrlFilter@429798c, org.springframework.security.web.context.request.async.WebAsyncManagerIntegrationFilter@77bb1212, org.springframework.security.web.context.SecurityContextPersistenceFilter@6e326bf, org.springframework.security.web.header.HeaderWriterFilter@5ac54b58, org.springframework.web.filter.CorsFilter@3f799a71, org.springframework.security.web.authentication.logout.LogoutFilter@770c0c73, org.springframework.security.web.authentication.www.BasicAuthenticationFilter@10573c01, org.springframework.security.web.savedrequest.RequestCacheAwareFilter@316df8ec, org.springframework.security.web.servletapi.SecurityContextHolderAwareRequestFilter@76900a05, org.springframework.security.web.authentication.AnonymousAuthenticationFilter@826ca51, org.springframework.security.web.session.SessionManagementFilter@55d5a271, org.springframework.security.web.access.ExceptionTranslationFilter@2310448d, org.springframework.security.web.access.intercept.FilterSecurityInterceptor@6bc0d07f]
2022-07-24 01:18:31.427  INFO 1870 --- [restartedMain] o.s.b.d.a.OptionalLiveReloadServer       : LiveReload server is running on port 35729
2022-07-24 01:18:31.462  INFO 1870 --- [restartedMain] o.s.b.w.embedded.tomcat.TomcatWebServer  : Tomcat started on port(s): 8080 (http) with context path ''
2022-07-24 01:18:31.474  INFO 1870 --- [restartedMain] c.e.todoproject.TodoProjectApplication   : Started TodoProjectApplication in 3.984 seconds (JVM running for 4.77)
2022-07-24 01:18:44.291  INFO 1870 --- [http-nio-8080-exec-2] o.a.c.c.C.[Tomcat].[localhost].[/]       : Initializing Spring DispatcherServlet 'dispatcherServlet'
2022-07-24 01:18:44.291  INFO 1870 --- [http-nio-8080-exec-2] o.s.web.servlet.DispatcherServlet        : Initializing Servlet 'dispatcherServlet'
2022-07-24 01:18:44.293  INFO 1870 --- [http-nio-8080-exec-2] o.s.web.servlet.DispatcherServlet        : Completed initialization in 2 ms
2022-07-24 01:18:55.365  INFO 1870 --- [http-nio-8080-exec-4] c.e.todoproject.service.TodoService      :  After  todoRepository.delete(deleteTodo)  // TODO: 24/07/2022  
2022-07-24 01:18:55.366  INFO 1870 --- [http-nio-8080-exec-4] c.e.t.controller.TodoController          : delete Controller After call service
2022-07-24 01:19:09.583  INFO 1870 --- [http-nio-8080-exec-6] c.e.todoproject.service.TodoService      :  After  todoRepository.delete(deleteTodo)  // TODO: 24/07/2022  
2022-07-24 01:19:09.583  INFO 1870 --- [http-nio-8080-exec-6] c.e.t.controller.TodoController          : delete Controller After call service
2022-07-24 01:19:16.438  WARN 1870 --- [http-nio-8080-exec-8] .m.m.a.ExceptionHandlerExceptionResolver : Resolved [com.example.todoproject.exceptions.ApiException: There is not Todo with this id]
2022-07-24 01:22:30.099  INFO 1870 --- [SpringApplicationShutdownHook] j.LocalContainerEntityManagerFactoryBean : Closing JPA EntityManagerFactory for persistence unit 'default'
2022-07-24 01:22:30.125  INFO 1870 --- [SpringApplicationShutdownHook] com.zaxxer.hikari.HikariDataSource       : HikariPool-1 - Shutdown initiated...
2022-07-24 01:22:30.166  INFO 1870 --- [SpringApplicationShutdownHook] com.zaxxer.hikari.HikariDataSource       : HikariPool-1 - Shutdown completed.
2022-07-24 01:23:37.375  INFO 1921 --- [restartedMain] c.e.todoproject.TodoProjectApplication   : Starting TodoProjectApplication using Java 18.0.1.1 on Khaleds-MacBook-Pro.local with PID 1921 (/Users/kma/Desktop/Todo-project/target/classes started by kma in /Users/kma/Desktop/Todo-project)
2022-07-24 01:23:37.377  INFO 1921 --- [restartedMain] c.e.todoproject.TodoProjectApplication   : No active profile set, falling back to 1 default profile: "default"
2022-07-24 01:23:37.429  INFO 1921 --- [restartedMain] .e.DevToolsPropertyDefaultsPostProcessor : Devtools property defaults active! Set 'spring.devtools.add-properties' to 'false' to disable
2022-07-24 01:23:37.430  INFO 1921 --- [restartedMain] .e.DevToolsPropertyDefaultsPostProcessor : For additional web related logging consider setting the 'logging.level.web' property to 'DEBUG'
2022-07-24 01:23:38.231  INFO 1921 --- [restartedMain] .s.d.r.c.RepositoryConfigurationDelegate : Bootstrapping Spring Data JPA repositories in DEFAULT mode.
2022-07-24 01:23:38.324  INFO 1921 --- [restartedMain] .s.d.r.c.RepositoryConfigurationDelegate : Finished Spring Data repository scanning in 79 ms. Found 2 JPA repository interfaces.
2022-07-24 01:23:38.913  INFO 1921 --- [restartedMain] o.s.b.w.embedded.tomcat.TomcatWebServer  : Tomcat initialized with port(s): 8080 (http)
2022-07-24 01:23:38.924  INFO 1921 --- [restartedMain] o.apache.catalina.core.StandardService   : Starting service [Tomcat]
2022-07-24 01:23:38.924  INFO 1921 --- [restartedMain] org.apache.catalina.core.StandardEngine  : Starting Servlet engine: [Apache Tomcat/9.0.64]
2022-07-24 01:23:38.983  INFO 1921 --- [restartedMain] o.a.c.c.C.[Tomcat].[localhost].[/]       : Initializing Spring embedded WebApplicationContext
2022-07-24 01:23:38.983  INFO 1921 --- [restartedMain] w.s.c.ServletWebServerApplicationContext : Root WebApplicationContext: initialization completed in 1553 ms
2022-07-24 01:23:39.139  INFO 1921 --- [restartedMain] o.hibernate.jpa.internal.util.LogHelper  : HHH000204: Processing PersistenceUnitInfo [name: default]
2022-07-24 01:23:39.205  INFO 1921 --- [restartedMain] org.hibernate.Version                    : HHH000412: Hibernate ORM core version 5.6.9.Final
2022-07-24 01:23:39.365  INFO 1921 --- [restartedMain] o.hibernate.annotations.common.Version   : HCANN000001: Hibernate Commons Annotations {5.1.2.Final}
2022-07-24 01:23:39.435  INFO 1921 --- [restartedMain] com.zaxxer.hikari.HikariDataSource       : HikariPool-1 - Starting...
2022-07-24 01:23:39.745  INFO 1921 --- [restartedMain] com.zaxxer.hikari.HikariDataSource       : HikariPool-1 - Start completed.
2022-07-24 01:23:39.759  INFO 1921 --- [restartedMain] org.hibernate.dialect.Dialect            : HHH000400: Using dialect: org.hibernate.dialect.MySQL5InnoDBDialect
2022-07-24 01:23:40.754  INFO 1921 --- [restartedMain] o.h.e.t.j.p.i.JtaPlatformInitiator       : HHH000490: Using JtaPlatform implementation: [org.hibernate.engine.transaction.jta.platform.internal.NoJtaPlatform]
2022-07-24 01:23:40.766  INFO 1921 --- [restartedMain] j.LocalContainerEntityManagerFactoryBean : Initialized JPA EntityManagerFactory for persistence unit 'default'
2022-07-24 01:23:41.197  WARN 1921 --- [restartedMain] JpaBaseConfiguration$JpaWebConfiguration : spring.jpa.open-in-view is enabled by default. Therefore, database queries may be performed during view rendering. Explicitly configure spring.jpa.open-in-view to disable this warning
2022-07-24 01:23:41.629  INFO 1921 --- [restartedMain] o.s.s.web.DefaultSecurityFilterChain     : Will secure any request with [org.springframework.security.web.session.DisableEncodeUrlFilter@48a94ea2, org.springframework.security.web.context.request.async.WebAsyncManagerIntegrationFilter@309b680d, org.springframework.security.web.context.SecurityContextPersistenceFilter@68ded4b6, org.springframework.security.web.header.HeaderWriterFilter@4bdf7346, org.springframework.web.filter.CorsFilter@7b504c93, org.springframework.security.web.authentication.logout.LogoutFilter@409d39c6, org.springframework.security.web.authentication.www.BasicAuthenticationFilter@6d990d45, org.springframework.security.web.savedrequest.RequestCacheAwareFilter@7430d7ff, org.springframework.security.web.servletapi.SecurityContextHolderAwareRequestFilter@5fed9635, org.springframework.security.web.authentication.AnonymousAuthenticationFilter@5ac54b58, org.springframework.security.web.session.SessionManagementFilter@360b140b, org.springframework.security.web.access.ExceptionTranslationFilter@75ae37f2, org.springframework.security.web.access.intercept.FilterSecurityInterceptor@70d712ee]
2022-07-24 01:23:42.050  INFO 1921 --- [restartedMain] o.s.b.d.a.OptionalLiveReloadServer       : LiveReload server is running on port 35729
2022-07-24 01:23:42.098  INFO 1921 --- [restartedMain] o.s.b.w.embedded.tomcat.TomcatWebServer  : Tomcat started on port(s): 8080 (http) with context path ''
2022-07-24 01:23:42.111  INFO 1921 --- [restartedMain] c.e.todoproject.TodoProjectApplication   : Started TodoProjectApplication in 5.133 seconds (JVM running for 5.995)
2022-07-24 01:24:13.652  INFO 1921 --- [http-nio-8080-exec-2] o.a.c.c.C.[Tomcat].[localhost].[/]       : Initializing Spring DispatcherServlet 'dispatcherServlet'
2022-07-24 01:24:13.653  INFO 1921 --- [http-nio-8080-exec-2] o.s.web.servlet.DispatcherServlet        : Initializing Servlet 'dispatcherServlet'
2022-07-24 01:24:13.654  INFO 1921 --- [http-nio-8080-exec-2] o.s.web.servlet.DispatcherServlet        : Completed initialization in 1 ms
2022-07-24 01:24:43.715  INFO 1921 --- [http-nio-8080-exec-1] c.e.t.controller.TodoController          : delete Controller After call service
2022-07-24 01:24:53.882  INFO 1921 --- [SpringApplicationShutdownHook] j.LocalContainerEntityManagerFactoryBean : Closing JPA EntityManagerFactory for persistence unit 'default'
2022-07-24 01:24:53.884  INFO 1921 --- [SpringApplicationShutdownHook] .SchemaDropperImpl$DelayedDropActionImpl : HHH000477: Starting delayed evictData of schema as part of SessionFactory shut-down'
2022-07-24 01:24:53.927  INFO 1921 --- [SpringApplicationShutdownHook] com.zaxxer.hikari.HikariDataSource       : HikariPool-1 - Shutdown initiated...
2022-07-24 01:24:53.936  INFO 1921 --- [SpringApplicationShutdownHook] com.zaxxer.hikari.HikariDataSource       : HikariPool-1 - Shutdown completed.
2022-07-24 01:57:49.327  INFO 2204 --- [restartedMain] c.e.todoproject.TodoProjectApplication   : Starting TodoProjectApplication using Java 18.0.1.1 on Khaleds-MacBook-Pro.local with PID 2204 (/Users/kma/Desktop/Todo-project/target/classes started by kma in /Users/kma/Desktop/Todo-project)
2022-07-24 01:57:49.332  INFO 2204 --- [restartedMain] c.e.todoproject.TodoProjectApplication   : No active profile set, falling back to 1 default profile: "default"
2022-07-24 01:57:49.462  INFO 2204 --- [restartedMain] .e.DevToolsPropertyDefaultsPostProcessor : Devtools property defaults active! Set 'spring.devtools.add-properties' to 'false' to disable
2022-07-24 01:57:49.463  INFO 2204 --- [restartedMain] .e.DevToolsPropertyDefaultsPostProcessor : For additional web related logging consider setting the 'logging.level.web' property to 'DEBUG'
2022-07-24 01:57:50.459  INFO 2204 --- [restartedMain] .s.d.r.c.RepositoryConfigurationDelegate : Bootstrapping Spring Data JPA repositories in DEFAULT mode.
2022-07-24 01:57:50.574  INFO 2204 --- [restartedMain] .s.d.r.c.RepositoryConfigurationDelegate : Finished Spring Data repository scanning in 97 ms. Found 2 JPA repository interfaces.
2022-07-24 01:57:51.251  INFO 2204 --- [restartedMain] o.s.b.w.embedded.tomcat.TomcatWebServer  : Tomcat initialized with port(s): 8080 (http)
2022-07-24 01:57:51.261  INFO 2204 --- [restartedMain] o.apache.catalina.core.StandardService   : Starting service [Tomcat]
2022-07-24 01:57:51.262  INFO 2204 --- [restartedMain] org.apache.catalina.core.StandardEngine  : Starting Servlet engine: [Apache Tomcat/9.0.64]
2022-07-24 01:57:51.331  INFO 2204 --- [restartedMain] o.a.c.c.C.[Tomcat].[localhost].[/]       : Initializing Spring embedded WebApplicationContext
2022-07-24 01:57:51.331  INFO 2204 --- [restartedMain] w.s.c.ServletWebServerApplicationContext : Root WebApplicationContext: initialization completed in 1864 ms
2022-07-24 01:57:51.600  INFO 2204 --- [restartedMain] o.hibernate.jpa.internal.util.LogHelper  : HHH000204: Processing PersistenceUnitInfo [name: default]
2022-07-24 01:57:51.654  INFO 2204 --- [restartedMain] org.hibernate.Version                    : HHH000412: Hibernate ORM core version 5.6.9.Final
2022-07-24 01:57:51.841  INFO 2204 --- [restartedMain] o.hibernate.annotations.common.Version   : HCANN000001: Hibernate Commons Annotations {5.1.2.Final}
2022-07-24 01:57:51.915  INFO 2204 --- [restartedMain] com.zaxxer.hikari.HikariDataSource       : HikariPool-1 - Starting...
2022-07-24 01:57:53.814  INFO 2204 --- [restartedMain] com.zaxxer.hikari.HikariDataSource       : HikariPool-1 - Start completed.
2022-07-24 01:57:53.828  INFO 2204 --- [restartedMain] org.hibernate.dialect.Dialect            : HHH000400: Using dialect: org.hibernate.dialect.MySQL5InnoDBDialect
2022-07-24 01:57:57.196  WARN 2204 --- [restartedMain] o.h.t.s.i.ExceptionHandlerLoggedImpl     : GenerationTarget encountered exception accepting command : Error executing DDL "alter table todo add constraint FKkoeg3j18qmjwb6eaoqf5ic720 foreign key (user_id) references my_user (user_id)" via JDBC Statement

org.hibernate.tool.schema.spi.CommandAcceptanceException: Error executing DDL "alter table todo add constraint FKkoeg3j18qmjwb6eaoqf5ic720 foreign key (user_id) references my_user (user_id)" via JDBC Statement
	at org.hibernate.tool.schema.internal.exec.GenerationTargetToDatabase.accept(GenerationTargetToDatabase.java:67) ~[hibernate-core-5.6.9.Final.jar:5.6.9.Final]
	at org.hibernate.tool.schema.internal.AbstractSchemaMigrator.applySqlString(AbstractSchemaMigrator.java:581) ~[hibernate-core-5.6.9.Final.jar:5.6.9.Final]
	at org.hibernate.tool.schema.internal.AbstractSchemaMigrator.applySqlStrings(AbstractSchemaMigrator.java:526) ~[hibernate-core-5.6.9.Final.jar:5.6.9.Final]
	at org.hibernate.tool.schema.internal.AbstractSchemaMigrator.applyForeignKeys(AbstractSchemaMigrator.java:452) ~[hibernate-core-5.6.9.Final.jar:5.6.9.Final]
	at org.hibernate.tool.schema.internal.AbstractSchemaMigrator.performMigration(AbstractSchemaMigrator.java:263) ~[hibernate-core-5.6.9.Final.jar:5.6.9.Final]
	at org.hibernate.tool.schema.internal.AbstractSchemaMigrator.doMigration(AbstractSchemaMigrator.java:123) ~[hibernate-core-5.6.9.Final.jar:5.6.9.Final]
	at org.hibernate.tool.schema.spi.SchemaManagementToolCoordinator.performDatabaseAction(SchemaManagementToolCoordinator.java:196) ~[hibernate-core-5.6.9.Final.jar:5.6.9.Final]
	at org.hibernate.tool.schema.spi.SchemaManagementToolCoordinator.process(SchemaManagementToolCoordinator.java:85) ~[hibernate-core-5.6.9.Final.jar:5.6.9.Final]
	at org.hibernate.internal.SessionFactoryImpl.<init>(SessionFactoryImpl.java:335) ~[hibernate-core-5.6.9.Final.jar:5.6.9.Final]
	at org.hibernate.boot.internal.SessionFactoryBuilderImpl.build(SessionFactoryBuilderImpl.java:471) ~[hibernate-core-5.6.9.Final.jar:5.6.9.Final]
	at org.hibernate.jpa.boot.internal.EntityManagerFactoryBuilderImpl.build(EntityManagerFactoryBuilderImpl.java:1498) ~[hibernate-core-5.6.9.Final.jar:5.6.9.Final]
	at org.springframework.orm.jpa.vendor.SpringHibernateJpaPersistenceProvider.createContainerEntityManagerFactory(SpringHibernateJpaPersistenceProvider.java:58) ~[spring-orm-5.3.21.jar:5.3.21]
	at org.springframework.orm.jpa.LocalContainerEntityManagerFactoryBean.createNativeEntityManagerFactory(LocalContainerEntityManagerFactoryBean.java:365) ~[spring-orm-5.3.21.jar:5.3.21]
	at org.springframework.orm.jpa.AbstractEntityManagerFactoryBean.buildNativeEntityManagerFactory(AbstractEntityManagerFactoryBean.java:409) ~[spring-orm-5.3.21.jar:5.3.21]
	at org.springframework.orm.jpa.AbstractEntityManagerFactoryBean.afterPropertiesSet(AbstractEntityManagerFactoryBean.java:396) ~[spring-orm-5.3.21.jar:5.3.21]
	at org.springframework.orm.jpa.LocalContainerEntityManagerFactoryBean.afterPropertiesSet(LocalContainerEntityManagerFactoryBean.java:341) ~[spring-orm-5.3.21.jar:5.3.21]
	at org.springframework.beans.factory.support.AbstractAutowireCapableBeanFactory.invokeInitMethods(AbstractAutowireCapableBeanFactory.java:1863) ~[spring-beans-5.3.21.jar:5.3.21]
	at org.springframework.beans.factory.support.AbstractAutowireCapableBeanFactory.initializeBean(AbstractAutowireCapableBeanFactory.java:1800) ~[spring-beans-5.3.21.jar:5.3.21]
	at org.springframework.beans.factory.support.AbstractAutowireCapableBeanFactory.doCreateBean(AbstractAutowireCapableBeanFactory.java:620) ~[spring-beans-5.3.21.jar:5.3.21]
	at org.springframework.beans.factory.support.AbstractAutowireCapableBeanFactory.createBean(AbstractAutowireCapableBeanFactory.java:542) ~[spring-beans-5.3.21.jar:5.3.21]
	at org.springframework.beans.factory.support.AbstractBeanFactory.lambda$doGetBean$0(AbstractBeanFactory.java:335) ~[spring-beans-5.3.21.jar:5.3.21]
	at org.springframework.beans.factory.support.DefaultSingletonBeanRegistry.getSingleton(DefaultSingletonBeanRegistry.java:234) ~[spring-beans-5.3.21.jar:5.3.21]
	at org.springframework.beans.factory.support.AbstractBeanFactory.doGetBean(AbstractBeanFactory.java:333) ~[spring-beans-5.3.21.jar:5.3.21]
	at org.springframework.beans.factory.support.AbstractBeanFactory.getBean(AbstractBeanFactory.java:208) ~[spring-beans-5.3.21.jar:5.3.21]
	at org.springframework.context.support.AbstractApplicationContext.getBean(AbstractApplicationContext.java:1154) ~[spring-context-5.3.21.jar:5.3.21]
	at org.springframework.context.support.AbstractApplicationContext.finishBeanFactoryInitialization(AbstractApplicationContext.java:908) ~[spring-context-5.3.21.jar:5.3.21]
	at org.springframework.context.support.AbstractApplicationContext.refresh(AbstractApplicationContext.java:583) ~[spring-context-5.3.21.jar:5.3.21]
	at org.springframework.boot.web.servlet.context.ServletWebServerApplicationContext.refresh(ServletWebServerApplicationContext.java:147) ~[spring-boot-2.7.1.jar:2.7.1]
	at org.springframework.boot.SpringApplication.refresh(SpringApplication.java:734) ~[spring-boot-2.7.1.jar:2.7.1]
	at org.springframework.boot.SpringApplication.refreshContext(SpringApplication.java:408) ~[spring-boot-2.7.1.jar:2.7.1]
	at org.springframework.boot.SpringApplication.run(SpringApplication.java:308) ~[spring-boot-2.7.1.jar:2.7.1]
	at org.springframework.boot.SpringApplication.run(SpringApplication.java:1306) ~[spring-boot-2.7.1.jar:2.7.1]
	at org.springframework.boot.SpringApplication.run(SpringApplication.java:1295) ~[spring-boot-2.7.1.jar:2.7.1]
	at com.example.todoproject.TodoProjectApplication.main(TodoProjectApplication.java:10) ~[classes/:na]
	at java.base/jdk.internal.reflect.DirectMethodHandleAccessor.invoke(DirectMethodHandleAccessor.java:104) ~[na:na]
	at java.base/java.lang.reflect.Method.invoke(Method.java:577) ~[na:na]
	at org.springframework.boot.devtools.restart.RestartLauncher.run(RestartLauncher.java:49) ~[spring-boot-devtools-2.7.1.jar:2.7.1]
Caused by: com.mysql.cj.jdbc.exceptions.MySQLQueryInterruptedException: foreign key constraints are not allowed, see https://vitess.io/blog/2021-06-15-online-ddl-why-no-fk/
	at com.mysql.cj.jdbc.exceptions.SQLError.createSQLException(SQLError.java:126) ~[mysql-connector-java-8.0.29.jar:8.0.29]
	at com.mysql.cj.jdbc.exceptions.SQLExceptionsMapping.translateException(SQLExceptionsMapping.java:122) ~[mysql-connector-java-8.0.29.jar:8.0.29]
	at com.mysql.cj.jdbc.StatementImpl.executeInternal(StatementImpl.java:763) ~[mysql-connector-java-8.0.29.jar:8.0.29]
	at com.mysql.cj.jdbc.StatementImpl.execute(StatementImpl.java:648) ~[mysql-connector-java-8.0.29.jar:8.0.29]
	at com.zaxxer.hikari.pool.ProxyStatement.execute(ProxyStatement.java:94) ~[HikariCP-4.0.3.jar:na]
	at com.zaxxer.hikari.pool.HikariProxyStatement.execute(HikariProxyStatement.java) ~[HikariCP-4.0.3.jar:na]
	at org.hibernate.tool.schema.internal.exec.GenerationTargetToDatabase.accept(GenerationTargetToDatabase.java:54) ~[hibernate-core-5.6.9.Final.jar:5.6.9.Final]
	... 36 common frames omitted

2022-07-24 01:57:57.197  INFO 2204 --- [restartedMain] o.h.e.t.j.p.i.JtaPlatformInitiator       : HHH000490: Using JtaPlatform implementation: [org.hibernate.engine.transaction.jta.platform.internal.NoJtaPlatform]
2022-07-24 01:57:57.211  INFO 2204 --- [restartedMain] j.LocalContainerEntityManagerFactoryBean : Initialized JPA EntityManagerFactory for persistence unit 'default'
2022-07-24 01:57:57.614  WARN 2204 --- [restartedMain] JpaBaseConfiguration$JpaWebConfiguration : spring.jpa.open-in-view is enabled by default. Therefore, database queries may be performed during view rendering. Explicitly configure spring.jpa.open-in-view to disable this warning
2022-07-24 01:57:57.869  INFO 2204 --- [restartedMain] o.s.s.web.DefaultSecurityFilterChain     : Will secure any request with [org.springframework.security.web.session.DisableEncodeUrlFilter@5c4d1436, org.springframework.security.web.context.request.async.WebAsyncManagerIntegrationFilter@5de6bb4b, org.springframework.security.web.context.SecurityContextPersistenceFilter@3e880397, org.springframework.security.web.header.HeaderWriterFilter@4e5fe75f, org.springframework.web.filter.CorsFilter@73141a53, org.springframework.security.web.authentication.logout.LogoutFilter@2a23fa71, org.springframework.security.web.authentication.www.BasicAuthenticationFilter@116ec90, org.springframework.security.web.savedrequest.RequestCacheAwareFilter@2aee5490, org.springframework.security.web.servletapi.SecurityContextHolderAwareRequestFilter@5bc33949, org.springframework.security.web.authentication.AnonymousAuthenticationFilter@49e0e890, org.springframework.security.web.session.SessionManagementFilter@25dbbc2d, org.springframework.security.web.access.ExceptionTranslationFilter@35eb97ed, org.springframework.security.web.access.intercept.FilterSecurityInterceptor@ef409a7]
2022-07-24 01:57:58.173  INFO 2204 --- [restartedMain] o.s.b.d.a.OptionalLiveReloadServer       : LiveReload server is running on port 35729
2022-07-24 01:57:58.204  INFO 2204 --- [restartedMain] o.s.b.w.embedded.tomcat.TomcatWebServer  : Tomcat started on port(s): 8080 (http) with context path ''
2022-07-24 01:57:58.216  INFO 2204 --- [restartedMain] c.e.todoproject.TodoProjectApplication   : Started TodoProjectApplication in 9.461 seconds (JVM running for 10.428)
2022-07-24 01:59:58.556  INFO 2204 --- [SpringApplicationShutdownHook] j.LocalContainerEntityManagerFactoryBean : Closing JPA EntityManagerFactory for persistence unit 'default'
2022-07-24 01:59:58.564  INFO 2204 --- [SpringApplicationShutdownHook] com.zaxxer.hikari.HikariDataSource       : HikariPool-1 - Shutdown initiated...
2022-07-24 02:00:00.053  INFO 2204 --- [SpringApplicationShutdownHook] com.zaxxer.hikari.HikariDataSource       : HikariPool-1 - Shutdown completed.
